{"D:\\DIPLOM\\backend\\src\\assignments\\assignments.service.ts": {"path":"D:\\DIPLOM\\backend\\src\\assignments\\assignments.service.ts","statementMap":{"0":{"start":{"line":1,"column":0},"end":{"line":1,"column":104}},"1":{"start":{"line":2,"column":0},"end":{"line":2,"column":null}},"2":{"start":{"line":9,"column":0},"end":{"line":9,"column":29}},"3":{"start":{"line":10,"column":0},"end":{"line":10,"column":54}},"4":{"start":{"line":11,"column":0},"end":{"line":11,"column":57}},"5":{"start":{"line":12,"column":0},"end":{"line":12,"column":78}},"6":{"start":{"line":13,"column":0},"end":{"line":13,"column":57}},"7":{"start":{"line":14,"column":0},"end":{"line":14,"column":60}},"8":{"start":{"line":23,"column":68},"end":{"line":31,"column":2}},"9":{"start":{"line":34,"column":7},"end":{"line":1876,"column":null}},"10":{"start":{"line":41,"column":21},"end":{"line":41,"column":29}},"11":{"start":{"line":42,"column":21},"end":{"line":42,"column":29}},"12":{"start":{"line":43,"column":21},"end":{"line":43,"column":30}},"13":{"start":{"line":44,"column":21},"end":{"line":44,"column":36}},"14":{"start":{"line":45,"column":21},"end":{"line":45,"column":28}},"15":{"start":{"line":35,"column":19},"end":{"line":38,"column":5}},"16":{"start":{"line":49,"column":4},"end":{"line":52,"column":6}},"17":{"start":{"line":56,"column":4},"end":{"line":58,"column":5}},"18":{"start":{"line":57,"column":6},"end":{"line":57,"column":91}},"19":{"start":{"line":62,"column":4},"end":{"line":64,"column":5}},"20":{"start":{"line":63,"column":6},"end":{"line":63,"column":19}},"21":{"start":{"line":65,"column":4},"end":{"line":65,"column":56}},"22":{"start":{"line":69,"column":4},"end":{"line":71,"column":5}},"23":{"start":{"line":70,"column":6},"end":{"line":70,"column":15}},"24":{"start":{"line":72,"column":4},"end":{"line":72,"column":90}},"25":{"start":{"line":76,"column":4},"end":{"line":78,"column":5}},"26":{"start":{"line":77,"column":6},"end":{"line":77,"column":99}},"27":{"start":{"line":82,"column":24},"end":{"line":82,"column":58}},"28":{"start":{"line":83,"column":4},"end":{"line":83,"column":50}},"29":{"start":{"line":87,"column":4},"end":{"line":87,"column":93}},"30":{"start":{"line":87,"column":29},"end":{"line":87,"column":80}},"31":{"start":{"line":87,"column":48},"end":{"line":87,"column":69}},"32":{"start":{"line":91,"column":4},"end":{"line":93,"column":5}},"33":{"start":{"line":92,"column":6},"end":{"line":92,"column":20}},"34":{"start":{"line":94,"column":4},"end":{"line":94,"column":18}},"35":{"start":{"line":98,"column":22},"end":{"line":98,"column":52}},"36":{"start":{"line":99,"column":21},"end":{"line":99,"column":42}},"37":{"start":{"line":100,"column":4},"end":{"line":100,"column":90}},"38":{"start":{"line":101,"column":21},"end":{"line":101,"column":55}},"39":{"start":{"line":102,"column":4},"end":{"line":102,"column":62}},"40":{"start":{"line":106,"column":4},"end":{"line":106,"column":55}},"41":{"start":{"line":114,"column":4},"end":{"line":120,"column":5}},"42":{"start":{"line":119,"column":6},"end":{"line":119,"column":60}},"43":{"start":{"line":121,"column":4},"end":{"line":121,"column":16}},"44":{"start":{"line":131,"column":22},"end":{"line":140,"column":6}},"45":{"start":{"line":142,"column":4},"end":{"line":148,"column":6}},"46":{"start":{"line":144,"column":8},"end":{"line":146,"column":10}},"47":{"start":{"line":152,"column":20},"end":{"line":152,"column":86}},"48":{"start":{"line":153,"column":4},"end":{"line":155,"column":5}},"49":{"start":{"line":154,"column":6},"end":{"line":154,"column":55}},"50":{"start":{"line":157,"column":4},"end":{"line":157,"column":68}},"51":{"start":{"line":158,"column":4},"end":{"line":158,"column":47}},"52":{"start":{"line":160,"column":21},"end":{"line":160,"column":86}},"53":{"start":{"line":161,"column":4},"end":{"line":163,"column":5}},"54":{"start":{"line":162,"column":6},"end":{"line":162,"column":82}},"55":{"start":{"line":165,"column":23},"end":{"line":176,"column":6}},"56":{"start":{"line":178,"column":4},"end":{"line":184,"column":7}},"57":{"start":{"line":186,"column":4},"end":{"line":192,"column":7}},"58":{"start":{"line":194,"column":4},"end":{"line":194,"column":22}},"59":{"start":{"line":198,"column":4},"end":{"line":198,"column":61}},"60":{"start":{"line":200,"column":4},"end":{"line":206,"column":7}},"61":{"start":{"line":210,"column":23},"end":{"line":210,"column":86}},"62":{"start":{"line":211,"column":23},"end":{"line":211,"column":97}},"63":{"start":{"line":213,"column":81},"end":{"line":268,"column":6}},"64":{"start":{"line":270,"column":23},"end":{"line":270,"column":60}},"65":{"start":{"line":271,"column":26},"end":{"line":271,"column":56}},"66":{"start":{"line":273,"column":6},"end":{"line":279,"column":13}},"67":{"start":{"line":281,"column":4},"end":{"line":287,"column":6}},"68":{"start":{"line":291,"column":4},"end":{"line":291,"column":68}},"69":{"start":{"line":292,"column":4},"end":{"line":306,"column":7}},"70":{"start":{"line":310,"column":23},"end":{"line":315,"column":6}},"71":{"start":{"line":316,"column":4},"end":{"line":318,"column":5}},"72":{"start":{"line":317,"column":6},"end":{"line":317,"column":58}},"73":{"start":{"line":320,"column":4},"end":{"line":320,"column":80}},"74":{"start":{"line":321,"column":23},"end":{"line":321,"column":36}},"75":{"start":{"line":323,"column":20},"end":{"line":348,"column":6}},"76":{"start":{"line":350,"column":4},"end":{"line":350,"column":67}},"77":{"start":{"line":350,"column":35},"end":{"line":350,"column":65}},"78":{"start":{"line":354,"column":23},"end":{"line":357,"column":6}},"79":{"start":{"line":358,"column":4},"end":{"line":360,"column":5}},"80":{"start":{"line":359,"column":6},"end":{"line":359,"column":58}},"81":{"start":{"line":362,"column":4},"end":{"line":362,"column":79}},"82":{"start":{"line":364,"column":20},"end":{"line":378,"column":6}},"83":{"start":{"line":380,"column":4},"end":{"line":386,"column":7}},"84":{"start":{"line":388,"column":4},"end":{"line":388,"column":19}},"85":{"start":{"line":392,"column":23},"end":{"line":397,"column":6}},"86":{"start":{"line":398,"column":4},"end":{"line":400,"column":5}},"87":{"start":{"line":399,"column":6},"end":{"line":399,"column":58}},"88":{"start":{"line":402,"column":4},"end":{"line":402,"column":79}},"89":{"start":{"line":404,"column":20},"end":{"line":409,"column":6}},"90":{"start":{"line":411,"column":4},"end":{"line":417,"column":7}},"91":{"start":{"line":419,"column":4},"end":{"line":419,"column":19}},"92":{"start":{"line":423,"column":23},"end":{"line":428,"column":6}},"93":{"start":{"line":429,"column":4},"end":{"line":431,"column":5}},"94":{"start":{"line":430,"column":6},"end":{"line":430,"column":58}},"95":{"start":{"line":433,"column":4},"end":{"line":433,"column":79}},"96":{"start":{"line":435,"column":20},"end":{"line":440,"column":6}},"97":{"start":{"line":442,"column":4},"end":{"line":448,"column":7}},"98":{"start":{"line":450,"column":4},"end":{"line":450,"column":19}},"99":{"start":{"line":454,"column":4},"end":{"line":454,"column":61}},"100":{"start":{"line":456,"column":18},"end":{"line":469,"column":6}},"101":{"start":{"line":471,"column":4},"end":{"line":471,"column":17}},"102":{"start":{"line":475,"column":23},"end":{"line":480,"column":6}},"103":{"start":{"line":481,"column":4},"end":{"line":483,"column":5}},"104":{"start":{"line":482,"column":6},"end":{"line":482,"column":58}},"105":{"start":{"line":485,"column":4},"end":{"line":485,"column":79}},"106":{"start":{"line":486,"column":19},"end":{"line":486,"column":72}},"107":{"start":{"line":488,"column":18},"end":{"line":493,"column":6}},"108":{"start":{"line":495,"column":4},"end":{"line":501,"column":7}},"109":{"start":{"line":503,"column":4},"end":{"line":503,"column":17}},"110":{"start":{"line":507,"column":21},"end":{"line":507,"column":42}},"111":{"start":{"line":508,"column":4},"end":{"line":510,"column":5}},"112":{"start":{"line":509,"column":6},"end":{"line":509,"column":69}},"113":{"start":{"line":512,"column":18},"end":{"line":512,"column":20}},"114":{"start":{"line":513,"column":4},"end":{"line":515,"column":5}},"115":{"start":{"line":514,"column":6},"end":{"line":514,"column":75}},"116":{"start":{"line":516,"column":4},"end":{"line":516,"column":17}},"117":{"start":{"line":520,"column":4},"end":{"line":520,"column":68}},"118":{"start":{"line":521,"column":4},"end":{"line":524,"column":7}},"119":{"start":{"line":528,"column":17},"end":{"line":533,"column":6}},"120":{"start":{"line":534,"column":4},"end":{"line":536,"column":5}},"121":{"start":{"line":535,"column":6},"end":{"line":535,"column":63}},"122":{"start":{"line":537,"column":4},"end":{"line":537,"column":73}},"123":{"start":{"line":538,"column":4},"end":{"line":538,"column":16}},"124":{"start":{"line":542,"column":17},"end":{"line":551,"column":6}},"125":{"start":{"line":552,"column":4},"end":{"line":554,"column":5}},"126":{"start":{"line":553,"column":6},"end":{"line":553,"column":63}},"127":{"start":{"line":556,"column":4},"end":{"line":556,"column":84}},"128":{"start":{"line":557,"column":4},"end":{"line":557,"column":71}},"129":{"start":{"line":558,"column":4},"end":{"line":558,"column":41}},"130":{"start":{"line":560,"column":4},"end":{"line":566,"column":7}},"131":{"start":{"line":568,"column":4},"end":{"line":568,"column":24}},"132":{"start":{"line":572,"column":23},"end":{"line":572,"column":86}},"133":{"start":{"line":573,"column":23},"end":{"line":573,"column":96}},"134":{"start":{"line":574,"column":4},"end":{"line":576,"column":5}},"135":{"start":{"line":575,"column":6},"end":{"line":575,"column":75}},"136":{"start":{"line":578,"column":19},"end":{"line":578,"column":72}},"137":{"start":{"line":579,"column":16},"end":{"line":579,"column":26}},"138":{"start":{"line":581,"column":21},"end":{"line":588,"column":6}},"139":{"start":{"line":590,"column":4},"end":{"line":599,"column":5}},"140":{"start":{"line":591,"column":6},"end":{"line":598,"column":9}},"141":{"start":{"line":601,"column":27},"end":{"line":606,"column":6}},"142":{"start":{"line":608,"column":20},"end":{"line":618,"column":6}},"143":{"start":{"line":620,"column":4},"end":{"line":630,"column":7}},"144":{"start":{"line":632,"column":4},"end":{"line":638,"column":7}},"145":{"start":{"line":640,"column":4},"end":{"line":646,"column":7}},"146":{"start":{"line":648,"column":4},"end":{"line":648,"column":19}},"147":{"start":{"line":652,"column":21},"end":{"line":652,"column":42}},"148":{"start":{"line":653,"column":4},"end":{"line":655,"column":5}},"149":{"start":{"line":654,"column":6},"end":{"line":654,"column":69}},"150":{"start":{"line":657,"column":23},"end":{"line":657,"column":27}},"151":{"start":{"line":658,"column":4},"end":{"line":660,"column":5}},"152":{"start":{"line":659,"column":6},"end":{"line":659,"column":72}},"153":{"start":{"line":661,"column":4},"end":{"line":661,"column":19}},"154":{"start":{"line":665,"column":23},"end":{"line":665,"column":86}},"155":{"start":{"line":666,"column":23},"end":{"line":676,"column":6}},"156":{"start":{"line":678,"column":4},"end":{"line":680,"column":5}},"157":{"start":{"line":679,"column":6},"end":{"line":679,"column":71}},"158":{"start":{"line":682,"column":24},"end":{"line":682,"column":34}},"159":{"start":{"line":683,"column":17},"end":{"line":683,"column":64}},"160":{"start":{"line":684,"column":27},"end":{"line":684,"column":44}},"161":{"start":{"line":685,"column":19},"end":{"line":685,"column":86}},"162":{"start":{"line":687,"column":20},"end":{"line":697,"column":6}},"163":{"start":{"line":699,"column":4},"end":{"line":712,"column":7}},"164":{"start":{"line":714,"column":4},"end":{"line":725,"column":7}},"165":{"start":{"line":727,"column":4},"end":{"line":733,"column":7}},"166":{"start":{"line":735,"column":4},"end":{"line":735,"column":19}},"167":{"start":{"line":745,"column":23},"end":{"line":750,"column":6}},"168":{"start":{"line":751,"column":4},"end":{"line":753,"column":5}},"169":{"start":{"line":752,"column":6},"end":{"line":752,"column":58}},"170":{"start":{"line":755,"column":4},"end":{"line":755,"column":80}},"171":{"start":{"line":757,"column":22},"end":{"line":757,"column":55}},"172":{"start":{"line":758,"column":17},"end":{"line":758,"column":50}},"173":{"start":{"line":760,"column":27},"end":{"line":782,"column":6}},"174":{"start":{"line":784,"column":4},"end":{"line":792,"column":6}},"175":{"start":{"line":785,"column":34},"end":{"line":788,"column":8}},"176":{"start":{"line":796,"column":4},"end":{"line":796,"column":68}},"177":{"start":{"line":798,"column":4},"end":{"line":808,"column":7}},"178":{"start":{"line":812,"column":4},"end":{"line":812,"column":76}},"179":{"start":{"line":814,"column":23},"end":{"line":834,"column":6}},"180":{"start":{"line":835,"column":4},"end":{"line":847,"column":19}},"181":{"start":{"line":839,"column":49},"end":{"line":845,"column":12}},"182":{"start":{"line":841,"column":54},"end":{"line":844,"column":14}},"183":{"start":{"line":851,"column":17},"end":{"line":864,"column":6}},"184":{"start":{"line":866,"column":4},"end":{"line":868,"column":5}},"185":{"start":{"line":867,"column":6},"end":{"line":867,"column":63}},"186":{"start":{"line":870,"column":4},"end":{"line":870,"column":81}},"187":{"start":{"line":871,"column":4},"end":{"line":871,"column":16}},"188":{"start":{"line":875,"column":17},"end":{"line":888,"column":6}},"189":{"start":{"line":890,"column":4},"end":{"line":892,"column":5}},"190":{"start":{"line":891,"column":6},"end":{"line":891,"column":63}},"191":{"start":{"line":894,"column":4},"end":{"line":894,"column":96}},"192":{"start":{"line":896,"column":20},"end":{"line":907,"column":6}},"193":{"start":{"line":909,"column":4},"end":{"line":918,"column":7}},"194":{"start":{"line":920,"column":4},"end":{"line":923,"column":6}},"195":{"start":{"line":927,"column":23},"end":{"line":927,"column":94}},"196":{"start":{"line":928,"column":4},"end":{"line":928,"column":91}},"197":{"start":{"line":929,"column":4},"end":{"line":929,"column":52}},"198":{"start":{"line":930,"column":27},"end":{"line":930,"column":44}},"199":{"start":{"line":932,"column":20},"end":{"line":935,"column":6}},"200":{"start":{"line":937,"column":4},"end":{"line":947,"column":7}},"201":{"start":{"line":949,"column":4},"end":{"line":958,"column":7}},"202":{"start":{"line":960,"column":4},"end":{"line":960,"column":19}},"203":{"start":{"line":964,"column":23},"end":{"line":964,"column":94}},"204":{"start":{"line":965,"column":4},"end":{"line":965,"column":91}},"205":{"start":{"line":966,"column":27},"end":{"line":966,"column":44}},"206":{"start":{"line":967,"column":23},"end":{"line":967,"column":62}},"207":{"start":{"line":968,"column":4},"end":{"line":968,"column":52}},"208":{"start":{"line":970,"column":20},"end":{"line":982,"column":6}},"209":{"start":{"line":984,"column":4},"end":{"line":996,"column":7}},"210":{"start":{"line":998,"column":4},"end":{"line":1009,"column":7}},"211":{"start":{"line":1011,"column":4},"end":{"line":1017,"column":7}},"212":{"start":{"line":1019,"column":4},"end":{"line":1019,"column":19}},"213":{"start":{"line":1023,"column":23},"end":{"line":1023,"column":86}},"214":{"start":{"line":1024,"column":23},"end":{"line":1024,"column":97}},"215":{"start":{"line":1025,"column":28},"end":{"line":1025,"column":101}},"216":{"start":{"line":1027,"column":4},"end":{"line":1029,"column":5}},"217":{"start":{"line":1028,"column":6},"end":{"line":1028,"column":79}},"218":{"start":{"line":1031,"column":29},"end":{"line":1031,"column":111}},"219":{"start":{"line":1032,"column":4},"end":{"line":1034,"column":5}},"220":{"start":{"line":1033,"column":6},"end":{"line":1033,"column":86}},"221":{"start":{"line":1036,"column":17},"end":{"line":1048,"column":6}},"222":{"start":{"line":1050,"column":20},"end":{"line":1053,"column":6}},"223":{"start":{"line":1055,"column":4},"end":{"line":1058,"column":6}},"224":{"start":{"line":1062,"column":4},"end":{"line":1062,"column":62}},"225":{"start":{"line":1064,"column":18},"end":{"line":1072,"column":6}},"226":{"start":{"line":1073,"column":4},"end":{"line":1076,"column":8}},"227":{"start":{"line":1073,"column":32},"end":{"line":1076,"column":6}},"228":{"start":{"line":1080,"column":17},"end":{"line":1080,"column":74}},"229":{"start":{"line":1081,"column":20},"end":{"line":1092,"column":6}},"230":{"start":{"line":1094,"column":4},"end":{"line":1100,"column":7}},"231":{"start":{"line":1102,"column":23},"end":{"line":1102,"column":60}},"232":{"start":{"line":1103,"column":22},"end":{"line":1111,"column":6}},"233":{"start":{"line":1112,"column":4},"end":{"line":1112,"column":69}},"234":{"start":{"line":1112,"column":36},"end":{"line":1112,"column":67}},"235":{"start":{"line":1113,"column":4},"end":{"line":1113,"column":30}},"236":{"start":{"line":1115,"column":4},"end":{"line":1125,"column":6}},"237":{"start":{"line":1117,"column":8},"end":{"line":1123,"column":10}},"238":{"start":{"line":1127,"column":4},"end":{"line":1130,"column":6}},"239":{"start":{"line":1134,"column":30},"end":{"line":1134,"column":48}},"240":{"start":{"line":1135,"column":4},"end":{"line":1137,"column":5}},"241":{"start":{"line":1136,"column":6},"end":{"line":1136,"column":67}},"242":{"start":{"line":1139,"column":20},"end":{"line":1152,"column":6}},"243":{"start":{"line":1153,"column":4},"end":{"line":1155,"column":5}},"244":{"start":{"line":1154,"column":6},"end":{"line":1154,"column":63}},"245":{"start":{"line":1157,"column":4},"end":{"line":1157,"column":92}},"246":{"start":{"line":1158,"column":4},"end":{"line":1160,"column":5}},"247":{"start":{"line":1159,"column":6},"end":{"line":1159,"column":71}},"248":{"start":{"line":1162,"column":20},"end":{"line":1173,"column":6}},"249":{"start":{"line":1175,"column":4},"end":{"line":1184,"column":7}},"250":{"start":{"line":1186,"column":4},"end":{"line":1189,"column":6}},"251":{"start":{"line":1193,"column":23},"end":{"line":1193,"column":86}},"252":{"start":{"line":1194,"column":4},"end":{"line":1194,"column":80}},"253":{"start":{"line":1195,"column":4},"end":{"line":1195,"column":77}},"254":{"start":{"line":1205,"column":22},"end":{"line":1205,"column":55}},"255":{"start":{"line":1207,"column":4},"end":{"line":1212,"column":5}},"256":{"start":{"line":1208,"column":6},"end":{"line":1210,"column":7}},"257":{"start":{"line":1209,"column":8},"end":{"line":1209,"column":79}},"258":{"start":{"line":1211,"column":6},"end":{"line":1211,"column":61}},"259":{"start":{"line":1214,"column":24},"end":{"line":1220,"column":6}},"260":{"start":{"line":1222,"column":22},"end":{"line":1222,"column":83}},"261":{"start":{"line":1222,"column":67},"end":{"line":1222,"column":80}},"262":{"start":{"line":1223,"column":4},"end":{"line":1225,"column":5}},"263":{"start":{"line":1224,"column":6},"end":{"line":1224,"column":16}},"264":{"start":{"line":1227,"column":18},"end":{"line":1261,"column":6}},"265":{"start":{"line":1263,"column":30},"end":{"line":1271,"column":null}},"266":{"start":{"line":1267,"column":12},"end":{"line":1269,"column":46}},"267":{"start":{"line":1271,"column":23},"end":{"line":1271,"column":36}},"268":{"start":{"line":1273,"column":16},"end":{"line":1273,"column":26}},"269":{"start":{"line":1275,"column":4},"end":{"line":1305,"column":9}},"270":{"start":{"line":1277,"column":29},"end":{"line":1277,"column":111}},"271":{"start":{"line":1277,"column":67},"end":{"line":1277,"column":102}},"272":{"start":{"line":1278,"column":33},"end":{"line":1285,"column":13}},"273":{"start":{"line":1281,"column":16},"end":{"line":1283,"column":67}},"274":{"start":{"line":1286,"column":26},"end":{"line":1286,"column":93}},"275":{"start":{"line":1287,"column":8},"end":{"line":1298,"column":10}},"276":{"start":{"line":1301,"column":8},"end":{"line":1301,"column":58}},"277":{"start":{"line":1301,"column":35},"end":{"line":1301,"column":58}},"278":{"start":{"line":1302,"column":8},"end":{"line":1302,"column":56}},"279":{"start":{"line":1302,"column":34},"end":{"line":1302,"column":56}},"280":{"start":{"line":1303,"column":8},"end":{"line":1303,"column":72}},"281":{"start":{"line":1303,"column":39},"end":{"line":1303,"column":72}},"282":{"start":{"line":1304,"column":8},"end":{"line":1304,"column":20}},"283":{"start":{"line":1309,"column":24},"end":{"line":1312,"column":6}},"284":{"start":{"line":1314,"column":40},"end":{"line":1314,"column":100}},"285":{"start":{"line":1315,"column":30},"end":{"line":1315,"column":122}},"286":{"start":{"line":1315,"column":59},"end":{"line":1315,"column":92}},"287":{"start":{"line":1315,"column":108},"end":{"line":1315,"column":121}},"288":{"start":{"line":1317,"column":4},"end":{"line":1319,"column":5}},"289":{"start":{"line":1318,"column":6},"end":{"line":1318,"column":16}},"290":{"start":{"line":1321,"column":18},"end":{"line":1352,"column":6}},"291":{"start":{"line":1354,"column":4},"end":{"line":1358,"column":8}},"292":{"start":{"line":1354,"column":32},"end":{"line":1358,"column":6}},"293":{"start":{"line":1362,"column":4},"end":{"line":1362,"column":61}},"294":{"start":{"line":1364,"column":4},"end":{"line":1372,"column":5}},"295":{"start":{"line":1365,"column":20},"end":{"line":1368,"column":8}},"296":{"start":{"line":1369,"column":6},"end":{"line":1371,"column":7}},"297":{"start":{"line":1370,"column":8},"end":{"line":1370,"column":55}},"298":{"start":{"line":1374,"column":57},"end":{"line":1434,"column":6}},"299":{"start":{"line":1436,"column":29},"end":{"line":1444,"column":6}},"300":{"start":{"line":1438,"column":47},"end":{"line":1438,"column":61}},"301":{"start":{"line":1446,"column":27},"end":{"line":1446,"column":81}},"302":{"start":{"line":1447,"column":4},"end":{"line":1451,"column":5}},"303":{"start":{"line":1448,"column":20},"end":{"line":1448,"column":63}},"304":{"start":{"line":1449,"column":6},"end":{"line":1449,"column":35}},"305":{"start":{"line":1450,"column":6},"end":{"line":1450,"column":51}},"306":{"start":{"line":1453,"column":26},"end":{"line":1453,"column":48}},"307":{"start":{"line":1454,"column":4},"end":{"line":1456,"column":5}},"308":{"start":{"line":1455,"column":6},"end":{"line":1455,"column":94}},"309":{"start":{"line":1458,"column":4},"end":{"line":1479,"column":6}},"310":{"start":{"line":1462,"column":38},"end":{"line":1478,"column":8}},"311":{"start":{"line":1468,"column":29},"end":{"line":1468,"column":92}},"312":{"start":{"line":1469,"column":10},"end":{"line":1476,"column":12}},"313":{"start":{"line":1489,"column":4},"end":{"line":1489,"column":61}},"314":{"start":{"line":1491,"column":23},"end":{"line":1500,"column":6}},"315":{"start":{"line":1501,"column":4},"end":{"line":1503,"column":5}},"316":{"start":{"line":1502,"column":6},"end":{"line":1502,"column":58}},"317":{"start":{"line":1505,"column":19},"end":{"line":1512,"column":6}},"318":{"start":{"line":1513,"column":4},"end":{"line":1515,"column":5}},"319":{"start":{"line":1514,"column":6},"end":{"line":1514,"column":83}},"320":{"start":{"line":1517,"column":23},"end":{"line":1517,"column":62}},"321":{"start":{"line":1518,"column":4},"end":{"line":1518,"column":52}},"322":{"start":{"line":1520,"column":21},"end":{"line":1527,"column":6}},"323":{"start":{"line":1529,"column":27},"end":{"line":1529,"column":79}},"324":{"start":{"line":1531,"column":4},"end":{"line":1550,"column":5}},"325":{"start":{"line":1532,"column":6},"end":{"line":1540,"column":9}},"326":{"start":{"line":1542,"column":6},"end":{"line":1549,"column":9}},"327":{"start":{"line":1552,"column":4},"end":{"line":1564,"column":7}},"328":{"start":{"line":1566,"column":4},"end":{"line":1579,"column":7}},"329":{"start":{"line":1581,"column":4},"end":{"line":1587,"column":7}},"330":{"start":{"line":1589,"column":4},"end":{"line":1589,"column":22}},"331":{"start":{"line":1593,"column":4},"end":{"line":1593,"column":61}},"332":{"start":{"line":1594,"column":17},"end":{"line":1594,"column":67}},"333":{"start":{"line":1596,"column":17},"end":{"line":1609,"column":6}},"334":{"start":{"line":1597,"column":44},"end":{"line":1601,"column":8}},"335":{"start":{"line":1600,"column":55},"end":{"line":1600,"column":65}},"336":{"start":{"line":1602,"column":6},"end":{"line":1607,"column":9}},"337":{"start":{"line":1603,"column":27},"end":{"line":1603,"column":89}},"338":{"start":{"line":1603,"column":59},"end":{"line":1603,"column":88}},"339":{"start":{"line":1604,"column":22},"end":{"line":1604,"column":60}},"340":{"start":{"line":1605,"column":8},"end":{"line":1605,"column":47}},"341":{"start":{"line":1606,"column":8},"end":{"line":1606,"column":75}},"342":{"start":{"line":1608,"column":6},"end":{"line":1608,"column":18}},"343":{"start":{"line":1611,"column":4},"end":{"line":1611,"column":63}},"344":{"start":{"line":1620,"column":4},"end":{"line":1627,"column":5}},"345":{"start":{"line":1621,"column":25},"end":{"line":1621,"column":79}},"346":{"start":{"line":1622,"column":6},"end":{"line":1624,"column":7}},"347":{"start":{"line":1623,"column":8},"end":{"line":1623,"column":73}},"348":{"start":{"line":1626,"column":6},"end":{"line":1626,"column":71}},"349":{"start":{"line":1629,"column":18},"end":{"line":1629,"column":80}},"350":{"start":{"line":1630,"column":4},"end":{"line":1640,"column":7}},"351":{"start":{"line":1632,"column":29},"end":{"line":1639,"column":8}},"352":{"start":{"line":1644,"column":23},"end":{"line":1644,"column":77}},"353":{"start":{"line":1645,"column":4},"end":{"line":1647,"column":5}},"354":{"start":{"line":1646,"column":6},"end":{"line":1646,"column":72}},"355":{"start":{"line":1649,"column":18},"end":{"line":1673,"column":6}},"356":{"start":{"line":1675,"column":4},"end":{"line":1685,"column":7}},"357":{"start":{"line":1677,"column":29},"end":{"line":1684,"column":8}},"358":{"start":{"line":1689,"column":24},"end":{"line":1692,"column":6}},"359":{"start":{"line":1693,"column":22},"end":{"line":1693,"column":83}},"360":{"start":{"line":1693,"column":67},"end":{"line":1693,"column":80}},"361":{"start":{"line":1694,"column":4},"end":{"line":1696,"column":5}},"362":{"start":{"line":1695,"column":6},"end":{"line":1695,"column":16}},"363":{"start":{"line":1698,"column":23},"end":{"line":1698,"column":36}},"364":{"start":{"line":1699,"column":30},"end":{"line":1707,"column":null}},"365":{"start":{"line":1703,"column":12},"end":{"line":1705,"column":46}},"366":{"start":{"line":1707,"column":23},"end":{"line":1707,"column":36}},"367":{"start":{"line":1710,"column":47},"end":{"line":1794,"column":6}},"368":{"start":{"line":1796,"column":4},"end":{"line":1814,"column":88}},"369":{"start":{"line":1797,"column":40},"end":{"line":1804,"column":8}},"370":{"start":{"line":1805,"column":40},"end":{"line":1813,"column":8}},"371":{"start":{"line":1814,"column":21},"end":{"line":1814,"column":86}},"372":{"start":{"line":1818,"column":23},"end":{"line":1818,"column":94}},"373":{"start":{"line":1819,"column":4},"end":{"line":1819,"column":91}},"374":{"start":{"line":1820,"column":22},"end":{"line":1820,"column":55}},"375":{"start":{"line":1821,"column":17},"end":{"line":1821,"column":50}},"376":{"start":{"line":1823,"column":27},"end":{"line":1838,"column":6}},"377":{"start":{"line":1840,"column":4},"end":{"line":1848,"column":6}},"378":{"start":{"line":1841,"column":34},"end":{"line":1844,"column":8}},"379":{"start":{"line":1852,"column":23},"end":{"line":1852,"column":94}},"380":{"start":{"line":1853,"column":4},"end":{"line":1853,"column":91}},"381":{"start":{"line":1855,"column":18},"end":{"line":1864,"column":6}},"382":{"start":{"line":1866,"column":4},"end":{"line":1874,"column":7}},"383":{"start":{"line":1868,"column":29},"end":{"line":1873,"column":8}},"384":{"start":{"line":34,"column":13},"end":{"line":34,"column":31}},"385":{"start":{"line":34,"column":13},"end":{"line":1876,"column":null}}},"fnMap":{"0":{"name":"(anonymous_2)","decl":{"start":{"line":40,"column":2},"end":{"line":40,"column":null}},"loc":{"start":{"line":45,"column":40},"end":{"line":46,"column":6}}},"1":{"name":"(anonymous_3)","decl":{"start":{"line":48,"column":10},"end":{"line":48,"column":22}},"loc":{"start":{"line":48,"column":84},"end":{"line":53,"column":3}}},"2":{"name":"(anonymous_4)","decl":{"start":{"line":55,"column":10},"end":{"line":55,"column":33}},"loc":{"start":{"line":55,"column":51},"end":{"line":59,"column":3}}},"3":{"name":"(anonymous_5)","decl":{"start":{"line":61,"column":10},"end":{"line":61,"column":16}},"loc":{"start":{"line":61,"column":61},"end":{"line":66,"column":3}}},"4":{"name":"(anonymous_6)","decl":{"start":{"line":68,"column":10},"end":{"line":68,"column":21}},"loc":{"start":{"line":68,"column":66},"end":{"line":73,"column":3}}},"5":{"name":"(anonymous_7)","decl":{"start":{"line":75,"column":10},"end":{"line":75,"column":40}},"loc":{"start":{"line":75,"column":65},"end":{"line":79,"column":3}}},"6":{"name":"(anonymous_8)","decl":{"start":{"line":81,"column":10},"end":{"line":81,"column":19}},"loc":{"start":{"line":81,"column":34},"end":{"line":84,"column":3}}},"7":{"name":"(anonymous_9)","decl":{"start":{"line":86,"column":10},"end":{"line":86,"column":15}},"loc":{"start":{"line":86,"column":43},"end":{"line":88,"column":3}}},"8":{"name":"(anonymous_10)","decl":{"start":{"line":87,"column":20},"end":{"line":87,"column":21}},"loc":{"start":{"line":87,"column":29},"end":{"line":87,"column":80}}},"9":{"name":"(anonymous_11)","decl":{"start":{"line":87,"column":37},"end":{"line":87,"column":38}},"loc":{"start":{"line":87,"column":48},"end":{"line":87,"column":69}}},"10":{"name":"(anonymous_12)","decl":{"start":{"line":90,"column":10},"end":{"line":90,"column":31}},"loc":{"start":{"line":90,"column":47},"end":{"line":95,"column":3}}},"11":{"name":"(anonymous_13)","decl":{"start":{"line":97,"column":10},"end":{"line":97,"column":29}},"loc":{"start":{"line":97,"column":102},"end":{"line":103,"column":3}}},"12":{"name":"(anonymous_14)","decl":{"start":{"line":105,"column":10},"end":{"line":105,"column":30}},"loc":{"start":{"line":105,"column":55},"end":{"line":107,"column":3}}},"13":{"name":"(anonymous_15)","decl":{"start":{"line":109,"column":10},"end":{"line":109,"column":49}},"loc":{"start":{"line":113,"column":3},"end":{"line":122,"column":3}}},"14":{"name":"(anonymous_16)","decl":{"start":{"line":124,"column":10},"end":{"line":124,"column":15}},"loc":{"start":{"line":130,"column":3},"end":{"line":149,"column":3}}},"15":{"name":"(anonymous_17)","decl":{"start":{"line":143,"column":20},"end":{"line":143,"column":21}},"loc":{"start":{"line":144,"column":8},"end":{"line":146,"column":10}}},"16":{"name":"(anonymous_18)","decl":{"start":{"line":151,"column":2},"end":{"line":151,"column":7}},"loc":{"start":{"line":151,"column":84},"end":{"line":195,"column":3}}},"17":{"name":"(anonymous_19)","decl":{"start":{"line":197,"column":2},"end":{"line":197,"column":7}},"loc":{"start":{"line":197,"column":55},"end":{"line":207,"column":3}}},"18":{"name":"(anonymous_20)","decl":{"start":{"line":209,"column":2},"end":{"line":209,"column":7}},"loc":{"start":{"line":209,"column":58},"end":{"line":288,"column":3}}},"19":{"name":"(anonymous_21)","decl":{"start":{"line":290,"column":2},"end":{"line":290,"column":7}},"loc":{"start":{"line":290,"column":63},"end":{"line":307,"column":3}}},"20":{"name":"(anonymous_22)","decl":{"start":{"line":309,"column":2},"end":{"line":309,"column":7}},"loc":{"start":{"line":309,"column":85},"end":{"line":351,"column":3}}},"21":{"name":"(anonymous_23)","decl":{"start":{"line":350,"column":23},"end":{"line":350,"column":24}},"loc":{"start":{"line":350,"column":35},"end":{"line":350,"column":65}}},"22":{"name":"(anonymous_24)","decl":{"start":{"line":353,"column":2},"end":{"line":353,"column":7}},"loc":{"start":{"line":353,"column":87},"end":{"line":389,"column":3}}},"23":{"name":"(anonymous_25)","decl":{"start":{"line":391,"column":2},"end":{"line":391,"column":7}},"loc":{"start":{"line":391,"column":60},"end":{"line":420,"column":3}}},"24":{"name":"(anonymous_26)","decl":{"start":{"line":422,"column":2},"end":{"line":422,"column":7}},"loc":{"start":{"line":422,"column":62},"end":{"line":451,"column":3}}},"25":{"name":"(anonymous_27)","decl":{"start":{"line":453,"column":2},"end":{"line":453,"column":7}},"loc":{"start":{"line":453,"column":63},"end":{"line":472,"column":3}}},"26":{"name":"(anonymous_28)","decl":{"start":{"line":474,"column":2},"end":{"line":474,"column":7}},"loc":{"start":{"line":474,"column":73},"end":{"line":504,"column":3}}},"27":{"name":"(anonymous_29)","decl":{"start":{"line":506,"column":2},"end":{"line":506,"column":7}},"loc":{"start":{"line":506,"column":82},"end":{"line":517,"column":3}}},"28":{"name":"(anonymous_30)","decl":{"start":{"line":519,"column":2},"end":{"line":519,"column":7}},"loc":{"start":{"line":519,"column":64},"end":{"line":525,"column":3}}},"29":{"name":"(anonymous_31)","decl":{"start":{"line":527,"column":2},"end":{"line":527,"column":7}},"loc":{"start":{"line":527,"column":56},"end":{"line":539,"column":3}}},"30":{"name":"(anonymous_32)","decl":{"start":{"line":541,"column":2},"end":{"line":541,"column":7}},"loc":{"start":{"line":541,"column":59},"end":{"line":569,"column":3}}},"31":{"name":"(anonymous_33)","decl":{"start":{"line":571,"column":2},"end":{"line":571,"column":7}},"loc":{"start":{"line":571,"column":72},"end":{"line":649,"column":3}}},"32":{"name":"(anonymous_34)","decl":{"start":{"line":651,"column":2},"end":{"line":651,"column":7}},"loc":{"start":{"line":651,"column":85},"end":{"line":662,"column":3}}},"33":{"name":"(anonymous_35)","decl":{"start":{"line":664,"column":2},"end":{"line":664,"column":7}},"loc":{"start":{"line":664,"column":61},"end":{"line":736,"column":3}}},"34":{"name":"(anonymous_36)","decl":{"start":{"line":738,"column":2},"end":{"line":738,"column":7}},"loc":{"start":{"line":743,"column":29},"end":{"line":793,"column":3}}},"35":{"name":"(anonymous_37)","decl":{"start":{"line":785,"column":23},"end":{"line":785,"column":24}},"loc":{"start":{"line":785,"column":34},"end":{"line":788,"column":8}}},"36":{"name":"(anonymous_38)","decl":{"start":{"line":795,"column":2},"end":{"line":795,"column":7}},"loc":{"start":{"line":795,"column":60},"end":{"line":809,"column":3}}},"37":{"name":"(anonymous_39)","decl":{"start":{"line":811,"column":2},"end":{"line":811,"column":7}},"loc":{"start":{"line":811,"column":58},"end":{"line":848,"column":3}}},"38":{"name":"(anonymous_40)","decl":{"start":{"line":839,"column":38},"end":{"line":839,"column":39}},"loc":{"start":{"line":839,"column":49},"end":{"line":845,"column":12}}},"39":{"name":"(anonymous_41)","decl":{"start":{"line":841,"column":40},"end":{"line":841,"column":41}},"loc":{"start":{"line":841,"column":54},"end":{"line":844,"column":14}}},"40":{"name":"(anonymous_42)","decl":{"start":{"line":850,"column":2},"end":{"line":850,"column":7}},"loc":{"start":{"line":850,"column":56},"end":{"line":872,"column":3}}},"41":{"name":"(anonymous_43)","decl":{"start":{"line":874,"column":2},"end":{"line":874,"column":7}},"loc":{"start":{"line":874,"column":100},"end":{"line":924,"column":3}}},"42":{"name":"(anonymous_44)","decl":{"start":{"line":926,"column":2},"end":{"line":926,"column":7}},"loc":{"start":{"line":926,"column":99},"end":{"line":961,"column":3}}},"43":{"name":"(anonymous_45)","decl":{"start":{"line":963,"column":2},"end":{"line":963,"column":7}},"loc":{"start":{"line":963,"column":85},"end":{"line":1020,"column":3}}},"44":{"name":"(anonymous_46)","decl":{"start":{"line":1022,"column":2},"end":{"line":1022,"column":7}},"loc":{"start":{"line":1022,"column":83},"end":{"line":1059,"column":3}}},"45":{"name":"(anonymous_47)","decl":{"start":{"line":1061,"column":2},"end":{"line":1061,"column":7}},"loc":{"start":{"line":1061,"column":62},"end":{"line":1077,"column":3}}},"46":{"name":"(anonymous_48)","decl":{"start":{"line":1073,"column":21},"end":{"line":1073,"column":22}},"loc":{"start":{"line":1073,"column":32},"end":{"line":1076,"column":6}}},"47":{"name":"(anonymous_49)","decl":{"start":{"line":1079,"column":2},"end":{"line":1079,"column":7}},"loc":{"start":{"line":1079,"column":93},"end":{"line":1131,"column":3}}},"48":{"name":"(anonymous_50)","decl":{"start":{"line":1112,"column":22},"end":{"line":1112,"column":23}},"loc":{"start":{"line":1112,"column":36},"end":{"line":1112,"column":67}}},"49":{"name":"(anonymous_51)","decl":{"start":{"line":1116,"column":33},"end":{"line":1116,"column":34}},"loc":{"start":{"line":1117,"column":8},"end":{"line":1123,"column":10}}},"50":{"name":"(anonymous_52)","decl":{"start":{"line":1133,"column":2},"end":{"line":1133,"column":7}},"loc":{"start":{"line":1133,"column":96},"end":{"line":1190,"column":3}}},"51":{"name":"(anonymous_53)","decl":{"start":{"line":1192,"column":2},"end":{"line":1192,"column":7}},"loc":{"start":{"line":1192,"column":89},"end":{"line":1196,"column":3}}},"52":{"name":"(anonymous_54)","decl":{"start":{"line":1198,"column":2},"end":{"line":1198,"column":7}},"loc":{"start":{"line":1203,"column":67},"end":{"line":1306,"column":3}}},"53":{"name":"(anonymous_55)","decl":{"start":{"line":1222,"column":57},"end":{"line":1222,"column":58}},"loc":{"start":{"line":1222,"column":67},"end":{"line":1222,"column":80}}},"54":{"name":"(anonymous_56)","decl":{"start":{"line":1266,"column":10},"end":{"line":1266,"column":11}},"loc":{"start":{"line":1267,"column":12},"end":{"line":1269,"column":46}}},"55":{"name":"(anonymous_57)","decl":{"start":{"line":1271,"column":13},"end":{"line":1271,"column":14}},"loc":{"start":{"line":1271,"column":23},"end":{"line":1271,"column":36}}},"56":{"name":"(anonymous_58)","decl":{"start":{"line":1276,"column":11},"end":{"line":1276,"column":12}},"loc":{"start":{"line":1276,"column":20},"end":{"line":1299,"column":7}}},"57":{"name":"(anonymous_59)","decl":{"start":{"line":1277,"column":51},"end":{"line":1277,"column":52}},"loc":{"start":{"line":1277,"column":67},"end":{"line":1277,"column":102}}},"58":{"name":"(anonymous_60)","decl":{"start":{"line":1280,"column":14},"end":{"line":1280,"column":15}},"loc":{"start":{"line":1281,"column":16},"end":{"line":1283,"column":67}}},"59":{"name":"(anonymous_61)","decl":{"start":{"line":1300,"column":14},"end":{"line":1300,"column":15}},"loc":{"start":{"line":1300,"column":23},"end":{"line":1305,"column":7}}},"60":{"name":"(anonymous_62)","decl":{"start":{"line":1308,"column":2},"end":{"line":1308,"column":7}},"loc":{"start":{"line":1308,"column":57},"end":{"line":1359,"column":3}}},"61":{"name":"(anonymous_63)","decl":{"start":{"line":1315,"column":49},"end":{"line":1315,"column":50}},"loc":{"start":{"line":1315,"column":59},"end":{"line":1315,"column":92}}},"62":{"name":"(anonymous_64)","decl":{"start":{"line":1315,"column":98},"end":{"line":1315,"column":99}},"loc":{"start":{"line":1315,"column":108},"end":{"line":1315,"column":121}}},"63":{"name":"(anonymous_65)","decl":{"start":{"line":1354,"column":21},"end":{"line":1354,"column":22}},"loc":{"start":{"line":1354,"column":32},"end":{"line":1358,"column":6}}},"64":{"name":"(anonymous_66)","decl":{"start":{"line":1361,"column":2},"end":{"line":1361,"column":7}},"loc":{"start":{"line":1361,"column":71},"end":{"line":1480,"column":3}}},"65":{"name":"(anonymous_67)","decl":{"start":{"line":1438,"column":35},"end":{"line":1438,"column":36}},"loc":{"start":{"line":1438,"column":47},"end":{"line":1438,"column":61}}},"66":{"name":"(anonymous_68)","decl":{"start":{"line":1462,"column":25},"end":{"line":1462,"column":26}},"loc":{"start":{"line":1462,"column":38},"end":{"line":1478,"column":8}}},"67":{"name":"(anonymous_69)","decl":{"start":{"line":1467,"column":32},"end":{"line":1467,"column":33}},"loc":{"start":{"line":1467,"column":47},"end":{"line":1477,"column":9}}},"68":{"name":"(anonymous_70)","decl":{"start":{"line":1482,"column":2},"end":{"line":1482,"column":7}},"loc":{"start":{"line":1487,"column":79},"end":{"line":1590,"column":3}}},"69":{"name":"(anonymous_71)","decl":{"start":{"line":1592,"column":2},"end":{"line":1592,"column":7}},"loc":{"start":{"line":1592,"column":98},"end":{"line":1612,"column":3}}},"70":{"name":"(anonymous_72)","decl":{"start":{"line":1596,"column":31},"end":{"line":1596,"column":32}},"loc":{"start":{"line":1596,"column":39},"end":{"line":1609,"column":5}}},"71":{"name":"(anonymous_73)","decl":{"start":{"line":1600,"column":39},"end":{"line":1600,"column":40}},"loc":{"start":{"line":1600,"column":55},"end":{"line":1600,"column":65}}},"72":{"name":"(anonymous_74)","decl":{"start":{"line":1602,"column":25},"end":{"line":1602,"column":26}},"loc":{"start":{"line":1602,"column":34},"end":{"line":1607,"column":7}}},"73":{"name":"(anonymous_75)","decl":{"start":{"line":1603,"column":49},"end":{"line":1603,"column":50}},"loc":{"start":{"line":1603,"column":59},"end":{"line":1603,"column":88}}},"74":{"name":"(anonymous_76)","decl":{"start":{"line":1614,"column":2},"end":{"line":1614,"column":7}},"loc":{"start":{"line":1618,"column":67},"end":{"line":1641,"column":3}}},"75":{"name":"(anonymous_77)","decl":{"start":{"line":1632,"column":19},"end":{"line":1632,"column":20}},"loc":{"start":{"line":1632,"column":29},"end":{"line":1639,"column":8}}},"76":{"name":"(anonymous_78)","decl":{"start":{"line":1643,"column":2},"end":{"line":1643,"column":7}},"loc":{"start":{"line":1643,"column":59},"end":{"line":1686,"column":3}}},"77":{"name":"(anonymous_79)","decl":{"start":{"line":1677,"column":19},"end":{"line":1677,"column":20}},"loc":{"start":{"line":1677,"column":29},"end":{"line":1684,"column":8}}},"78":{"name":"(anonymous_80)","decl":{"start":{"line":1688,"column":2},"end":{"line":1688,"column":7}},"loc":{"start":{"line":1688,"column":76},"end":{"line":1815,"column":3}}},"79":{"name":"(anonymous_81)","decl":{"start":{"line":1693,"column":57},"end":{"line":1693,"column":58}},"loc":{"start":{"line":1693,"column":67},"end":{"line":1693,"column":80}}},"80":{"name":"(anonymous_82)","decl":{"start":{"line":1702,"column":10},"end":{"line":1702,"column":11}},"loc":{"start":{"line":1703,"column":12},"end":{"line":1705,"column":46}}},"81":{"name":"(anonymous_83)","decl":{"start":{"line":1707,"column":13},"end":{"line":1707,"column":14}},"loc":{"start":{"line":1707,"column":23},"end":{"line":1707,"column":36}}},"82":{"name":"(anonymous_84)","decl":{"start":{"line":1797,"column":29},"end":{"line":1797,"column":30}},"loc":{"start":{"line":1797,"column":40},"end":{"line":1804,"column":8}}},"83":{"name":"(anonymous_85)","decl":{"start":{"line":1805,"column":29},"end":{"line":1805,"column":30}},"loc":{"start":{"line":1805,"column":40},"end":{"line":1813,"column":8}}},"84":{"name":"(anonymous_86)","decl":{"start":{"line":1814,"column":11},"end":{"line":1814,"column":12}},"loc":{"start":{"line":1814,"column":21},"end":{"line":1814,"column":86}}},"85":{"name":"(anonymous_87)","decl":{"start":{"line":1817,"column":2},"end":{"line":1817,"column":7}},"loc":{"start":{"line":1817,"column":88},"end":{"line":1849,"column":3}}},"86":{"name":"(anonymous_88)","decl":{"start":{"line":1841,"column":23},"end":{"line":1841,"column":24}},"loc":{"start":{"line":1841,"column":34},"end":{"line":1844,"column":8}}},"87":{"name":"(anonymous_89)","decl":{"start":{"line":1851,"column":2},"end":{"line":1851,"column":7}},"loc":{"start":{"line":1851,"column":69},"end":{"line":1875,"column":3}}},"88":{"name":"(anonymous_90)","decl":{"start":{"line":1868,"column":19},"end":{"line":1868,"column":20}},"loc":{"start":{"line":1868,"column":29},"end":{"line":1873,"column":8}}}},"branchMap":{"0":{"loc":{"start":{"line":51,"column":17},"end":{"line":51,"column":72}},"type":"cond-expr","locations":[{"start":{"line":51,"column":35},"end":{"line":51,"column":65}},{"start":{"line":51,"column":68},"end":{"line":51,"column":72}}]},"1":{"loc":{"start":{"line":56,"column":4},"end":{"line":58,"column":5}},"type":"if","locations":[{"start":{"line":56,"column":4},"end":{"line":58,"column":5}}]},"2":{"loc":{"start":{"line":62,"column":4},"end":{"line":64,"column":5}},"type":"if","locations":[{"start":{"line":62,"column":4},"end":{"line":64,"column":5}}]},"3":{"loc":{"start":{"line":62,"column":8},"end":{"line":62,"column":35}},"type":"binary-expr","locations":[{"start":{"line":62,"column":8},"end":{"line":62,"column":19}},{"start":{"line":62,"column":23},"end":{"line":62,"column":35}}]},"4":{"loc":{"start":{"line":69,"column":4},"end":{"line":71,"column":5}},"type":"if","locations":[{"start":{"line":69,"column":4},"end":{"line":71,"column":5}}]},"5":{"loc":{"start":{"line":69,"column":8},"end":{"line":69,"column":35}},"type":"binary-expr","locations":[{"start":{"line":69,"column":8},"end":{"line":69,"column":19}},{"start":{"line":69,"column":23},"end":{"line":69,"column":35}}]},"6":{"loc":{"start":{"line":76,"column":4},"end":{"line":78,"column":5}},"type":"if","locations":[{"start":{"line":76,"column":4},"end":{"line":78,"column":5}}]},"7":{"loc":{"start":{"line":82,"column":24},"end":{"line":82,"column":58}},"type":"cond-expr","locations":[{"start":{"line":82,"column":40},"end":{"line":82,"column":42}},{"start":{"line":82,"column":45},"end":{"line":82,"column":58}}]},"8":{"loc":{"start":{"line":91,"column":4},"end":{"line":93,"column":5}},"type":"if","locations":[{"start":{"line":91,"column":4},"end":{"line":93,"column":5}}]},"9":{"loc":{"start":{"line":91,"column":8},"end":{"line":91,"column":45}},"type":"binary-expr","locations":[{"start":{"line":91,"column":8},"end":{"line":91,"column":24}},{"start":{"line":91,"column":28},"end":{"line":91,"column":45}}]},"10":{"loc":{"start":{"line":100,"column":54},"end":{"line":100,"column":88}},"type":"binary-expr","locations":[{"start":{"line":100,"column":54},"end":{"line":100,"column":76}},{"start":{"line":100,"column":80},"end":{"line":100,"column":88}}]},"11":{"loc":{"start":{"line":106,"column":11},"end":{"line":106,"column":54}},"type":"binary-expr","locations":[{"start":{"line":106,"column":11},"end":{"line":106,"column":44}},{"start":{"line":106,"column":48},"end":{"line":106,"column":54}}]},"12":{"loc":{"start":{"line":114,"column":4},"end":{"line":120,"column":5}},"type":"if","locations":[{"start":{"line":114,"column":4},"end":{"line":120,"column":5}}]},"13":{"loc":{"start":{"line":115,"column":6},"end":{"line":117,"column":57}},"type":"binary-expr","locations":[{"start":{"line":115,"column":6},"end":{"line":115,"column":54}},{"start":{"line":116,"column":6},"end":{"line":116,"column":59}},{"start":{"line":117,"column":6},"end":{"line":117,"column":57}}]},"14":{"loc":{"start":{"line":119,"column":13},"end":{"line":119,"column":59}},"type":"binary-expr","locations":[{"start":{"line":119,"column":13},"end":{"line":119,"column":35}},{"start":{"line":119,"column":39},"end":{"line":119,"column":59}}]},"15":{"loc":{"start":{"line":153,"column":4},"end":{"line":155,"column":5}},"type":"if","locations":[{"start":{"line":153,"column":4},"end":{"line":155,"column":5}}]},"16":{"loc":{"start":{"line":161,"column":4},"end":{"line":163,"column":5}},"type":"if","locations":[{"start":{"line":161,"column":4},"end":{"line":163,"column":5}}]},"17":{"loc":{"start":{"line":170,"column":20},"end":{"line":170,"column":68}},"type":"cond-expr","locations":[{"start":{"line":170,"column":37},"end":{"line":170,"column":61}},{"start":{"line":170,"column":64},"end":{"line":170,"column":68}}]},"18":{"loc":{"start":{"line":238,"column":6},"end":{"line":267,"column":12}},"type":"cond-expr","locations":[{"start":{"line":239,"column":10},"end":{"line":249,"column":12}},{"start":{"line":250,"column":10},"end":{"line":267,"column":12}}]},"19":{"loc":{"start":{"line":270,"column":23},"end":{"line":270,"column":60}},"type":"binary-expr","locations":[{"start":{"line":270,"column":23},"end":{"line":270,"column":55}},{"start":{"line":270,"column":59},"end":{"line":270,"column":60}}]},"20":{"loc":{"start":{"line":273,"column":6},"end":{"line":279,"column":13}},"type":"cond-expr","locations":[{"start":{"line":274,"column":11},"end":{"line":274,"column":85}},{"start":{"line":275,"column":10},"end":{"line":279,"column":13}}]},"21":{"loc":{"start":{"line":274,"column":11},"end":{"line":274,"column":85}},"type":"binary-expr","locations":[{"start":{"line":274,"column":11},"end":{"line":274,"column":80}},{"start":{"line":274,"column":84},"end":{"line":274,"column":85}}]},"22":{"loc":{"start":{"line":275,"column":10},"end":{"line":279,"column":13}},"type":"cond-expr","locations":[{"start":{"line":276,"column":13},"end":{"line":278,"column":29}},{"start":{"line":279,"column":12},"end":{"line":279,"column":13}}]},"23":{"loc":{"start":{"line":276,"column":13},"end":{"line":278,"column":29}},"type":"binary-expr","locations":[{"start":{"line":276,"column":13},"end":{"line":278,"column":24}},{"start":{"line":278,"column":28},"end":{"line":278,"column":29}}]},"24":{"loc":{"start":{"line":316,"column":4},"end":{"line":318,"column":5}},"type":"if","locations":[{"start":{"line":316,"column":4},"end":{"line":318,"column":5}}]},"25":{"loc":{"start":{"line":327,"column":12},"end":{"line":336,"column":14}},"type":"cond-expr","locations":[{"start":{"line":328,"column":12},"end":{"line":335,"column":null}},{"start":{"line":336,"column":12},"end":{"line":336,"column":14}}]},"26":{"loc":{"start":{"line":358,"column":4},"end":{"line":360,"column":5}},"type":"if","locations":[{"start":{"line":358,"column":4},"end":{"line":360,"column":5}}]},"27":{"loc":{"start":{"line":367,"column":12},"end":{"line":367,"column":49}},"type":"cond-expr","locations":[{"start":{"line":367,"column":24},"end":{"line":367,"column":44}},{"start":{"line":367,"column":47},"end":{"line":367,"column":49}}]},"28":{"loc":{"start":{"line":368,"column":12},"end":{"line":368,"column":81}},"type":"cond-expr","locations":[{"start":{"line":368,"column":44},"end":{"line":368,"column":76}},{"start":{"line":368,"column":79},"end":{"line":368,"column":81}}]},"29":{"loc":{"start":{"line":369,"column":12},"end":{"line":369,"column":112}},"type":"cond-expr","locations":[{"start":{"line":369,"column":43},"end":{"line":369,"column":107}},{"start":{"line":369,"column":110},"end":{"line":369,"column":112}}]},"30":{"loc":{"start":{"line":369,"column":57},"end":{"line":369,"column":105}},"type":"cond-expr","locations":[{"start":{"line":369,"column":74},"end":{"line":369,"column":98}},{"start":{"line":369,"column":101},"end":{"line":369,"column":105}}]},"31":{"loc":{"start":{"line":370,"column":12},"end":{"line":370,"column":52}},"type":"cond-expr","locations":[{"start":{"line":370,"column":25},"end":{"line":370,"column":47}},{"start":{"line":370,"column":50},"end":{"line":370,"column":52}}]},"32":{"loc":{"start":{"line":373,"column":16},"end":{"line":373,"column":52}},"type":"cond-expr","locations":[{"start":{"line":373,"column":28},"end":{"line":373,"column":47}},{"start":{"line":373,"column":50},"end":{"line":373,"column":52}}]},"33":{"loc":{"start":{"line":374,"column":16},"end":{"line":374,"column":85}},"type":"cond-expr","locations":[{"start":{"line":374,"column":48},"end":{"line":374,"column":80}},{"start":{"line":374,"column":83},"end":{"line":374,"column":85}}]},"34":{"loc":{"start":{"line":398,"column":4},"end":{"line":400,"column":5}},"type":"if","locations":[{"start":{"line":398,"column":4},"end":{"line":400,"column":5}}]},"35":{"loc":{"start":{"line":429,"column":4},"end":{"line":431,"column":5}},"type":"if","locations":[{"start":{"line":429,"column":4},"end":{"line":431,"column":5}}]},"36":{"loc":{"start":{"line":481,"column":4},"end":{"line":483,"column":5}},"type":"if","locations":[{"start":{"line":481,"column":4},"end":{"line":483,"column":5}}]},"37":{"loc":{"start":{"line":506,"column":65},"end":{"line":506,"column":82}},"type":"default-arg","locations":[{"start":{"line":506,"column":80},"end":{"line":506,"column":82}}]},"38":{"loc":{"start":{"line":508,"column":4},"end":{"line":510,"column":5}},"type":"if","locations":[{"start":{"line":508,"column":4},"end":{"line":510,"column":5}}]},"39":{"loc":{"start":{"line":534,"column":4},"end":{"line":536,"column":5}},"type":"if","locations":[{"start":{"line":534,"column":4},"end":{"line":536,"column":5}}]},"40":{"loc":{"start":{"line":552,"column":4},"end":{"line":554,"column":5}},"type":"if","locations":[{"start":{"line":552,"column":4},"end":{"line":554,"column":5}}]},"41":{"loc":{"start":{"line":574,"column":4},"end":{"line":576,"column":5}},"type":"if","locations":[{"start":{"line":574,"column":4},"end":{"line":576,"column":5}}]},"42":{"loc":{"start":{"line":590,"column":4},"end":{"line":599,"column":5}},"type":"if","locations":[{"start":{"line":590,"column":4},"end":{"line":599,"column":5}}]},"43":{"loc":{"start":{"line":613,"column":16},"end":{"line":613,"column":113}},"type":"cond-expr","locations":[{"start":{"line":613,"column":71},"end":{"line":613,"column":93}},{"start":{"line":613,"column":96},"end":{"line":613,"column":113}}]},"44":{"loc":{"start":{"line":651,"column":68},"end":{"line":651,"column":85}},"type":"default-arg","locations":[{"start":{"line":651,"column":83},"end":{"line":651,"column":85}}]},"45":{"loc":{"start":{"line":653,"column":4},"end":{"line":655,"column":5}},"type":"if","locations":[{"start":{"line":653,"column":4},"end":{"line":655,"column":5}}]},"46":{"loc":{"start":{"line":678,"column":4},"end":{"line":680,"column":5}},"type":"if","locations":[{"start":{"line":678,"column":4},"end":{"line":680,"column":5}}]},"47":{"loc":{"start":{"line":678,"column":8},"end":{"line":678,"column":48}},"type":"binary-expr","locations":[{"start":{"line":678,"column":8},"end":{"line":678,"column":19}},{"start":{"line":678,"column":23},"end":{"line":678,"column":48}}]},"48":{"loc":{"start":{"line":685,"column":19},"end":{"line":685,"column":86}},"type":"cond-expr","locations":[{"start":{"line":685,"column":26},"end":{"line":685,"column":57}},{"start":{"line":685,"column":60},"end":{"line":685,"column":86}}]},"49":{"loc":{"start":{"line":729,"column":13},"end":{"line":729,"column":64}},"type":"cond-expr","locations":[{"start":{"line":729,"column":20},"end":{"line":729,"column":47}},{"start":{"line":729,"column":50},"end":{"line":729,"column":64}}]},"50":{"loc":{"start":{"line":741,"column":4},"end":{"line":741,"column":12}},"type":"default-arg","locations":[{"start":{"line":741,"column":11},"end":{"line":741,"column":12}}]},"51":{"loc":{"start":{"line":742,"column":4},"end":{"line":742,"column":14}},"type":"default-arg","locations":[{"start":{"line":742,"column":12},"end":{"line":742,"column":14}}]},"52":{"loc":{"start":{"line":751,"column":4},"end":{"line":753,"column":5}},"type":"if","locations":[{"start":{"line":751,"column":4},"end":{"line":753,"column":5}}]},"53":{"loc":{"start":{"line":764,"column":14},"end":{"line":764,"column":38}},"type":"cond-expr","locations":[{"start":{"line":764,"column":23},"end":{"line":764,"column":33}},{"start":{"line":764,"column":36},"end":{"line":764,"column":38}}]},"54":{"loc":{"start":{"line":779,"column":14},"end":{"line":779,"column":38}},"type":"cond-expr","locations":[{"start":{"line":779,"column":23},"end":{"line":779,"column":33}},{"start":{"line":779,"column":36},"end":{"line":779,"column":38}}]},"55":{"loc":{"start":{"line":835,"column":11},"end":{"line":847,"column":18}},"type":"cond-expr","locations":[{"start":{"line":836,"column":8},"end":{"line":846,"column":null}},{"start":{"line":847,"column":8},"end":{"line":847,"column":18}}]},"56":{"loc":{"start":{"line":866,"column":4},"end":{"line":868,"column":5}},"type":"if","locations":[{"start":{"line":866,"column":4},"end":{"line":868,"column":5}}]},"57":{"loc":{"start":{"line":890,"column":4},"end":{"line":892,"column":5}},"type":"if","locations":[{"start":{"line":890,"column":4},"end":{"line":892,"column":5}}]},"58":{"loc":{"start":{"line":967,"column":23},"end":{"line":967,"column":62}},"type":"binary-expr","locations":[{"start":{"line":967,"column":23},"end":{"line":967,"column":33}},{"start":{"line":967,"column":37},"end":{"line":967,"column":62}}]},"59":{"loc":{"start":{"line":991,"column":26},"end":{"line":991,"column":52}},"type":"binary-expr","locations":[{"start":{"line":991,"column":26},"end":{"line":991,"column":44}},{"start":{"line":991,"column":48},"end":{"line":991,"column":52}}]},"60":{"loc":{"start":{"line":1005,"column":24},"end":{"line":1005,"column":50}},"type":"binary-expr","locations":[{"start":{"line":1005,"column":24},"end":{"line":1005,"column":42}},{"start":{"line":1005,"column":46},"end":{"line":1005,"column":50}}]},"61":{"loc":{"start":{"line":1014,"column":45},"end":{"line":1014,"column":70}},"type":"binary-expr","locations":[{"start":{"line":1014,"column":45},"end":{"line":1014,"column":54}},{"start":{"line":1014,"column":58},"end":{"line":1014,"column":70}}]},"62":{"loc":{"start":{"line":1025,"column":28},"end":{"line":1025,"column":101}},"type":"cond-expr","locations":[{"start":{"line":1025,"column":69},"end":{"line":1025,"column":75}},{"start":{"line":1025,"column":78},"end":{"line":1025,"column":101}}]},"63":{"loc":{"start":{"line":1025,"column":78},"end":{"line":1025,"column":101}},"type":"binary-expr","locations":[{"start":{"line":1025,"column":78},"end":{"line":1025,"column":91}},{"start":{"line":1025,"column":95},"end":{"line":1025,"column":101}}]},"64":{"loc":{"start":{"line":1027,"column":4},"end":{"line":1029,"column":5}},"type":"if","locations":[{"start":{"line":1027,"column":4},"end":{"line":1029,"column":5}}]},"65":{"loc":{"start":{"line":1027,"column":8},"end":{"line":1027,"column":64}},"type":"binary-expr","locations":[{"start":{"line":1027,"column":8},"end":{"line":1027,"column":46}},{"start":{"line":1027,"column":50},"end":{"line":1027,"column":64}}]},"66":{"loc":{"start":{"line":1032,"column":4},"end":{"line":1034,"column":5}},"type":"if","locations":[{"start":{"line":1032,"column":4},"end":{"line":1034,"column":5}}]},"67":{"loc":{"start":{"line":1057,"column":15},"end":{"line":1057,"column":58}},"type":"cond-expr","locations":[{"start":{"line":1057,"column":25},"end":{"line":1057,"column":51}},{"start":{"line":1057,"column":54},"end":{"line":1057,"column":58}}]},"68":{"loc":{"start":{"line":1135,"column":4},"end":{"line":1137,"column":5}},"type":"if","locations":[{"start":{"line":1135,"column":4},"end":{"line":1137,"column":5}}]},"69":{"loc":{"start":{"line":1153,"column":4},"end":{"line":1155,"column":5}},"type":"if","locations":[{"start":{"line":1153,"column":4},"end":{"line":1155,"column":5}}]},"70":{"loc":{"start":{"line":1153,"column":8},"end":{"line":1153,"column":37}},"type":"binary-expr","locations":[{"start":{"line":1153,"column":8},"end":{"line":1153,"column":16}},{"start":{"line":1153,"column":20},"end":{"line":1153,"column":37}}]},"71":{"loc":{"start":{"line":1158,"column":4},"end":{"line":1160,"column":5}},"type":"if","locations":[{"start":{"line":1158,"column":4},"end":{"line":1160,"column":5}}]},"72":{"loc":{"start":{"line":1192,"column":69},"end":{"line":1192,"column":77}},"type":"default-arg","locations":[{"start":{"line":1192,"column":76},"end":{"line":1192,"column":77}}]},"73":{"loc":{"start":{"line":1192,"column":79},"end":{"line":1192,"column":89}},"type":"default-arg","locations":[{"start":{"line":1192,"column":87},"end":{"line":1192,"column":89}}]},"74":{"loc":{"start":{"line":1200,"column":4},"end":{"line":1200,"column":33}},"type":"default-arg","locations":[{"start":{"line":1200,"column":29},"end":{"line":1200,"column":33}}]},"75":{"loc":{"start":{"line":1202,"column":4},"end":{"line":1202,"column":14}},"type":"default-arg","locations":[{"start":{"line":1202,"column":12},"end":{"line":1202,"column":14}}]},"76":{"loc":{"start":{"line":1203,"column":4},"end":{"line":1203,"column":67}},"type":"default-arg","locations":[{"start":{"line":1203,"column":62},"end":{"line":1203,"column":67}}]},"77":{"loc":{"start":{"line":1207,"column":4},"end":{"line":1212,"column":5}},"type":"if","locations":[{"start":{"line":1207,"column":4},"end":{"line":1212,"column":5}}]},"78":{"loc":{"start":{"line":1208,"column":6},"end":{"line":1210,"column":7}},"type":"if","locations":[{"start":{"line":1208,"column":6},"end":{"line":1210,"column":7}}]},"79":{"loc":{"start":{"line":1215,"column":13},"end":{"line":1215,"column":59}},"type":"cond-expr","locations":[{"start":{"line":1215,"column":34},"end":{"line":1215,"column":46}},{"start":{"line":1215,"column":49},"end":{"line":1215,"column":59}}]},"80":{"loc":{"start":{"line":1223,"column":4},"end":{"line":1225,"column":5}},"type":"if","locations":[{"start":{"line":1223,"column":4},"end":{"line":1225,"column":5}}]},"81":{"loc":{"start":{"line":1267,"column":12},"end":{"line":1269,"column":46}},"type":"binary-expr","locations":[{"start":{"line":1267,"column":12},"end":{"line":1267,"column":42}},{"start":{"line":1268,"column":12},"end":{"line":1268,"column":44}},{"start":{"line":1269,"column":12},"end":{"line":1269,"column":46}}]},"82":{"loc":{"start":{"line":1277,"column":29},"end":{"line":1277,"column":111}},"type":"binary-expr","locations":[{"start":{"line":1277,"column":29},"end":{"line":1277,"column":103}},{"start":{"line":1277,"column":107},"end":{"line":1277,"column":111}}]},"83":{"loc":{"start":{"line":1278,"column":33},"end":{"line":1285,"column":13}},"type":"cond-expr","locations":[{"start":{"line":1279,"column":12},"end":{"line":1284,"column":20}},{"start":{"line":1285,"column":12},"end":{"line":1285,"column":13}}]},"84":{"loc":{"start":{"line":1281,"column":16},"end":{"line":1283,"column":67}},"type":"binary-expr","locations":[{"start":{"line":1281,"column":16},"end":{"line":1281,"column":64}},{"start":{"line":1282,"column":16},"end":{"line":1282,"column":69}},{"start":{"line":1283,"column":16},"end":{"line":1283,"column":67}}]},"85":{"loc":{"start":{"line":1286,"column":26},"end":{"line":1286,"column":93}},"type":"cond-expr","locations":[{"start":{"line":1286,"column":44},"end":{"line":1286,"column":85}},{"start":{"line":1286,"column":88},"end":{"line":1286,"column":93}}]},"86":{"loc":{"start":{"line":1301,"column":8},"end":{"line":1301,"column":58}},"type":"if","locations":[{"start":{"line":1301,"column":8},"end":{"line":1301,"column":58}}]},"87":{"loc":{"start":{"line":1302,"column":8},"end":{"line":1302,"column":56}},"type":"if","locations":[{"start":{"line":1302,"column":8},"end":{"line":1302,"column":56}}]},"88":{"loc":{"start":{"line":1303,"column":8},"end":{"line":1303,"column":72}},"type":"if","locations":[{"start":{"line":1303,"column":8},"end":{"line":1303,"column":72}}]},"89":{"loc":{"start":{"line":1310,"column":13},"end":{"line":1310,"column":57}},"type":"cond-expr","locations":[{"start":{"line":1310,"column":24},"end":{"line":1310,"column":44}},{"start":{"line":1310,"column":47},"end":{"line":1310,"column":57}}]},"90":{"loc":{"start":{"line":1317,"column":4},"end":{"line":1319,"column":5}},"type":"if","locations":[{"start":{"line":1317,"column":4},"end":{"line":1319,"column":5}}]},"91":{"loc":{"start":{"line":1357,"column":27},"end":{"line":1357,"column":61}},"type":"binary-expr","locations":[{"start":{"line":1357,"column":27},"end":{"line":1357,"column":43}},{"start":{"line":1357,"column":47},"end":{"line":1357,"column":61}}]},"92":{"loc":{"start":{"line":1364,"column":4},"end":{"line":1372,"column":5}},"type":"if","locations":[{"start":{"line":1364,"column":4},"end":{"line":1372,"column":5}}]},"93":{"loc":{"start":{"line":1369,"column":6},"end":{"line":1371,"column":7}},"type":"if","locations":[{"start":{"line":1369,"column":6},"end":{"line":1371,"column":7}}]},"94":{"loc":{"start":{"line":1369,"column":10},"end":{"line":1369,"column":47}},"type":"binary-expr","locations":[{"start":{"line":1369,"column":10},"end":{"line":1369,"column":16}},{"start":{"line":1369,"column":20},"end":{"line":1369,"column":47}}]},"95":{"loc":{"start":{"line":1384,"column":14},"end":{"line":1392,"column":16}},"type":"cond-expr","locations":[{"start":{"line":1385,"column":14},"end":{"line":1391,"column":null}},{"start":{"line":1392,"column":14},"end":{"line":1392,"column":16}}]},"96":{"loc":{"start":{"line":1448,"column":20},"end":{"line":1448,"column":63}},"type":"binary-expr","locations":[{"start":{"line":1448,"column":20},"end":{"line":1448,"column":57}},{"start":{"line":1448,"column":61},"end":{"line":1448,"column":63}}]},"97":{"loc":{"start":{"line":1465,"column":18},"end":{"line":1465,"column":58}},"type":"binary-expr","locations":[{"start":{"line":1465,"column":18},"end":{"line":1465,"column":52}},{"start":{"line":1465,"column":56},"end":{"line":1465,"column":58}}]},"98":{"loc":{"start":{"line":1468,"column":29},"end":{"line":1468,"column":92}},"type":"binary-expr","locations":[{"start":{"line":1468,"column":29},"end":{"line":1468,"column":84}},{"start":{"line":1468,"column":88},"end":{"line":1468,"column":92}}]},"99":{"loc":{"start":{"line":1471,"column":26},"end":{"line":1471,"column":48}},"type":"binary-expr","locations":[{"start":{"line":1471,"column":26},"end":{"line":1471,"column":40}},{"start":{"line":1471,"column":44},"end":{"line":1471,"column":48}}]},"100":{"loc":{"start":{"line":1472,"column":19},"end":{"line":1472,"column":42}},"type":"binary-expr","locations":[{"start":{"line":1472,"column":19},"end":{"line":1472,"column":36}},{"start":{"line":1472,"column":40},"end":{"line":1472,"column":42}}]},"101":{"loc":{"start":{"line":1473,"column":20},"end":{"line":1473,"column":72}},"type":"binary-expr","locations":[{"start":{"line":1473,"column":20},"end":{"line":1473,"column":38}},{"start":{"line":1473,"column":42},"end":{"line":1473,"column":72}}]},"102":{"loc":{"start":{"line":1474,"column":28},"end":{"line":1474,"column":60}},"type":"binary-expr","locations":[{"start":{"line":1474,"column":28},"end":{"line":1474,"column":54}},{"start":{"line":1474,"column":58},"end":{"line":1474,"column":60}}]},"103":{"loc":{"start":{"line":1475,"column":23},"end":{"line":1475,"column":52}},"type":"binary-expr","locations":[{"start":{"line":1475,"column":23},"end":{"line":1475,"column":44}},{"start":{"line":1475,"column":48},"end":{"line":1475,"column":52}}]},"104":{"loc":{"start":{"line":1501,"column":4},"end":{"line":1503,"column":5}},"type":"if","locations":[{"start":{"line":1501,"column":4},"end":{"line":1503,"column":5}}]},"105":{"loc":{"start":{"line":1513,"column":4},"end":{"line":1515,"column":5}},"type":"if","locations":[{"start":{"line":1513,"column":4},"end":{"line":1515,"column":5}}]},"106":{"loc":{"start":{"line":1513,"column":8},"end":{"line":1513,"column":53}},"type":"binary-expr","locations":[{"start":{"line":1513,"column":8},"end":{"line":1513,"column":15}},{"start":{"line":1513,"column":19},"end":{"line":1513,"column":53}}]},"107":{"loc":{"start":{"line":1517,"column":23},"end":{"line":1517,"column":62}},"type":"binary-expr","locations":[{"start":{"line":1517,"column":23},"end":{"line":1517,"column":33}},{"start":{"line":1517,"column":37},"end":{"line":1517,"column":62}}]},"108":{"loc":{"start":{"line":1529,"column":27},"end":{"line":1529,"column":79}},"type":"binary-expr","locations":[{"start":{"line":1529,"column":27},"end":{"line":1529,"column":45}},{"start":{"line":1529,"column":49},"end":{"line":1529,"column":79}}]},"109":{"loc":{"start":{"line":1531,"column":4},"end":{"line":1550,"column":5}},"type":"if","locations":[{"start":{"line":1531,"column":4},"end":{"line":1550,"column":5}},{"start":{"line":1541,"column":11},"end":{"line":1550,"column":5}}]},"110":{"loc":{"start":{"line":1560,"column":17},"end":{"line":1560,"column":34}},"type":"binary-expr","locations":[{"start":{"line":1560,"column":17},"end":{"line":1560,"column":26}},{"start":{"line":1560,"column":30},"end":{"line":1560,"column":34}}]},"111":{"loc":{"start":{"line":1561,"column":26},"end":{"line":1561,"column":52}},"type":"binary-expr","locations":[{"start":{"line":1561,"column":26},"end":{"line":1561,"column":44}},{"start":{"line":1561,"column":48},"end":{"line":1561,"column":52}}]},"112":{"loc":{"start":{"line":1576,"column":15},"end":{"line":1576,"column":32}},"type":"binary-expr","locations":[{"start":{"line":1576,"column":15},"end":{"line":1576,"column":24}},{"start":{"line":1576,"column":28},"end":{"line":1576,"column":32}}]},"113":{"loc":{"start":{"line":1577,"column":24},"end":{"line":1577,"column":50}},"type":"binary-expr","locations":[{"start":{"line":1577,"column":24},"end":{"line":1577,"column":42}},{"start":{"line":1577,"column":46},"end":{"line":1577,"column":50}}]},"114":{"loc":{"start":{"line":1598,"column":17},"end":{"line":1598,"column":61}},"type":"binary-expr","locations":[{"start":{"line":1598,"column":17},"end":{"line":1598,"column":37}},{"start":{"line":1598,"column":41},"end":{"line":1598,"column":61}}]},"115":{"loc":{"start":{"line":1604,"column":22},"end":{"line":1604,"column":60}},"type":"binary-expr","locations":[{"start":{"line":1604,"column":22},"end":{"line":1604,"column":39}},{"start":{"line":1604,"column":43},"end":{"line":1604,"column":60}}]},"116":{"loc":{"start":{"line":1616,"column":4},"end":{"line":1616,"column":33}},"type":"default-arg","locations":[{"start":{"line":1616,"column":29},"end":{"line":1616,"column":33}}]},"117":{"loc":{"start":{"line":1618,"column":4},"end":{"line":1618,"column":67}},"type":"default-arg","locations":[{"start":{"line":1618,"column":62},"end":{"line":1618,"column":67}}]},"118":{"loc":{"start":{"line":1620,"column":4},"end":{"line":1627,"column":5}},"type":"if","locations":[{"start":{"line":1620,"column":4},"end":{"line":1627,"column":5}},{"start":{"line":1625,"column":11},"end":{"line":1627,"column":5}}]},"119":{"loc":{"start":{"line":1620,"column":8},"end":{"line":1620,"column":38}},"type":"binary-expr","locations":[{"start":{"line":1620,"column":8},"end":{"line":1620,"column":26}},{"start":{"line":1620,"column":30},"end":{"line":1620,"column":38}}]},"120":{"loc":{"start":{"line":1622,"column":6},"end":{"line":1624,"column":7}},"type":"if","locations":[{"start":{"line":1622,"column":6},"end":{"line":1624,"column":7}}]},"121":{"loc":{"start":{"line":1636,"column":8},"end":{"line":1636,"column":70}},"type":"cond-expr","locations":[{"start":{"line":1636,"column":26},"end":{"line":1636,"column":65}},{"start":{"line":1636,"column":68},"end":{"line":1636,"column":70}}]},"122":{"loc":{"start":{"line":1637,"column":8},"end":{"line":1637,"column":39}},"type":"binary-expr","locations":[{"start":{"line":1637,"column":8},"end":{"line":1637,"column":33}},{"start":{"line":1637,"column":37},"end":{"line":1637,"column":39}}]},"123":{"loc":{"start":{"line":1638,"column":8},"end":{"line":1638,"column":34}},"type":"binary-expr","locations":[{"start":{"line":1638,"column":8},"end":{"line":1638,"column":29}},{"start":{"line":1638,"column":33},"end":{"line":1638,"column":34}}]},"124":{"loc":{"start":{"line":1645,"column":4},"end":{"line":1647,"column":5}},"type":"if","locations":[{"start":{"line":1645,"column":4},"end":{"line":1647,"column":5}}]},"125":{"loc":{"start":{"line":1679,"column":8},"end":{"line":1679,"column":54}},"type":"binary-expr","locations":[{"start":{"line":1679,"column":8},"end":{"line":1679,"column":29}},{"start":{"line":1679,"column":33},"end":{"line":1679,"column":54}}]},"126":{"loc":{"start":{"line":1681,"column":8},"end":{"line":1681,"column":24}},"type":"binary-expr","locations":[{"start":{"line":1681,"column":8},"end":{"line":1681,"column":18}},{"start":{"line":1681,"column":22},"end":{"line":1681,"column":24}}]},"127":{"loc":{"start":{"line":1682,"column":8},"end":{"line":1682,"column":33}},"type":"binary-expr","locations":[{"start":{"line":1682,"column":8},"end":{"line":1682,"column":27}},{"start":{"line":1682,"column":31},"end":{"line":1682,"column":33}}]},"128":{"loc":{"start":{"line":1690,"column":13},"end":{"line":1690,"column":57}},"type":"cond-expr","locations":[{"start":{"line":1690,"column":24},"end":{"line":1690,"column":44}},{"start":{"line":1690,"column":47},"end":{"line":1690,"column":57}}]},"129":{"loc":{"start":{"line":1694,"column":4},"end":{"line":1696,"column":5}},"type":"if","locations":[{"start":{"line":1694,"column":4},"end":{"line":1696,"column":5}}]},"130":{"loc":{"start":{"line":1703,"column":12},"end":{"line":1705,"column":46}},"type":"binary-expr","locations":[{"start":{"line":1703,"column":12},"end":{"line":1703,"column":42}},{"start":{"line":1704,"column":12},"end":{"line":1704,"column":44}},{"start":{"line":1705,"column":12},"end":{"line":1705,"column":46}}]},"131":{"loc":{"start":{"line":1718,"column":14},"end":{"line":1725,"column":16}},"type":"cond-expr","locations":[{"start":{"line":1719,"column":14},"end":{"line":1724,"column":null}},{"start":{"line":1725,"column":14},"end":{"line":1725,"column":16}}]},"132":{"loc":{"start":{"line":1762,"column":14},"end":{"line":1769,"column":16}},"type":"cond-expr","locations":[{"start":{"line":1763,"column":14},"end":{"line":1768,"column":null}},{"start":{"line":1769,"column":14},"end":{"line":1769,"column":16}}]},"133":{"loc":{"start":{"line":1817,"column":68},"end":{"line":1817,"column":76}},"type":"default-arg","locations":[{"start":{"line":1817,"column":75},"end":{"line":1817,"column":76}}]},"134":{"loc":{"start":{"line":1817,"column":78},"end":{"line":1817,"column":88}},"type":"default-arg","locations":[{"start":{"line":1817,"column":86},"end":{"line":1817,"column":88}}]},"135":{"loc":{"start":{"line":1843,"column":15},"end":{"line":1843,"column":70}},"type":"cond-expr","locations":[{"start":{"line":1843,"column":28},"end":{"line":1843,"column":57}},{"start":{"line":1843,"column":60},"end":{"line":1843,"column":70}}]},"136":{"loc":{"start":{"line":1870,"column":8},"end":{"line":1870,"column":64}},"type":"binary-expr","locations":[{"start":{"line":1870,"column":8},"end":{"line":1870,"column":28}},{"start":{"line":1870,"column":32},"end":{"line":1870,"column":52}},{"start":{"line":1870,"column":56},"end":{"line":1870,"column":64}}]},"137":{"loc":{"start":{"line":1872,"column":23},"end":{"line":1872,"column":46}},"type":"binary-expr","locations":[{"start":{"line":1872,"column":23},"end":{"line":1872,"column":40}},{"start":{"line":1872,"column":44},"end":{"line":1872,"column":46}}]}},"s":{"0":1,"1":1,"2":1,"3":1,"4":1,"5":1,"6":1,"7":1,"8":1,"9":1,"10":15,"11":15,"12":15,"13":15,"14":15,"15":15,"16":2,"17":0,"18":0,"19":2,"20":0,"21":2,"22":2,"23":0,"24":2,"25":2,"26":1,"27":0,"28":0,"29":0,"30":0,"31":0,"32":0,"33":0,"34":0,"35":0,"36":0,"37":0,"38":0,"39":0,"40":0,"41":0,"42":0,"43":0,"44":3,"45":3,"46":3,"47":0,"48":0,"49":0,"50":0,"51":0,"52":0,"53":0,"54":0,"55":0,"56":0,"57":0,"58":0,"59":0,"60":0,"61":0,"62":0,"63":0,"64":0,"65":0,"66":0,"67":0,"68":1,"69":1,"70":1,"71":1,"72":0,"73":1,"74":1,"75":1,"76":1,"77":1,"78":0,"79":0,"80":0,"81":0,"82":0,"83":0,"84":0,"85":2,"86":2,"87":1,"88":1,"89":1,"90":1,"91":1,"92":1,"93":1,"94":0,"95":1,"96":1,"97":1,"98":1,"99":0,"100":0,"101":0,"102":0,"103":0,"104":0,"105":0,"106":0,"107":0,"108":0,"109":0,"110":0,"111":0,"112":0,"113":0,"114":0,"115":0,"116":0,"117":0,"118":0,"119":0,"120":0,"121":0,"122":0,"123":0,"124":0,"125":0,"126":0,"127":0,"128":0,"129":0,"130":0,"131":0,"132":2,"133":2,"134":2,"135":1,"136":1,"137":1,"138":1,"139":1,"140":1,"141":1,"142":1,"143":1,"144":1,"145":1,"146":1,"147":0,"148":0,"149":0,"150":0,"151":0,"152":0,"153":0,"154":3,"155":3,"156":3,"157":1,"158":2,"159":2,"160":2,"161":2,"162":2,"163":2,"164":2,"165":2,"166":2,"167":0,"168":0,"169":0,"170":0,"171":0,"172":0,"173":0,"174":0,"175":0,"176":0,"177":0,"178":0,"179":0,"180":0,"181":0,"182":0,"183":0,"184":0,"185":0,"186":0,"187":0,"188":1,"189":1,"190":0,"191":1,"192":1,"193":1,"194":1,"195":0,"196":0,"197":0,"198":0,"199":0,"200":0,"201":0,"202":0,"203":2,"204":2,"205":2,"206":2,"207":2,"208":1,"209":1,"210":1,"211":1,"212":1,"213":2,"214":2,"215":2,"216":2,"217":1,"218":1,"219":1,"220":1,"221":0,"222":0,"223":0,"224":0,"225":0,"226":0,"227":0,"228":0,"229":0,"230":0,"231":0,"232":0,"233":0,"234":0,"235":0,"236":0,"237":0,"238":0,"239":0,"240":0,"241":0,"242":0,"243":0,"244":0,"245":0,"246":0,"247":0,"248":0,"249":0,"250":0,"251":0,"252":0,"253":0,"254":0,"255":0,"256":0,"257":0,"258":0,"259":0,"260":0,"261":0,"262":0,"263":0,"264":0,"265":0,"266":0,"267":0,"268":0,"269":0,"270":0,"271":0,"272":0,"273":0,"274":0,"275":0,"276":0,"277":0,"278":0,"279":0,"280":0,"281":0,"282":0,"283":0,"284":0,"285":0,"286":0,"287":0,"288":0,"289":0,"290":0,"291":0,"292":0,"293":0,"294":0,"295":0,"296":0,"297":0,"298":0,"299":0,"300":0,"301":0,"302":0,"303":0,"304":0,"305":0,"306":0,"307":0,"308":0,"309":0,"310":0,"311":0,"312":0,"313":0,"314":0,"315":0,"316":0,"317":0,"318":0,"319":0,"320":0,"321":0,"322":0,"323":0,"324":0,"325":0,"326":0,"327":0,"328":0,"329":0,"330":0,"331":0,"332":0,"333":0,"334":0,"335":0,"336":0,"337":0,"338":0,"339":0,"340":0,"341":0,"342":0,"343":0,"344":0,"345":0,"346":0,"347":0,"348":0,"349":0,"350":0,"351":0,"352":0,"353":0,"354":0,"355":0,"356":0,"357":0,"358":0,"359":0,"360":0,"361":0,"362":0,"363":0,"364":0,"365":0,"366":0,"367":0,"368":0,"369":0,"370":0,"371":0,"372":0,"373":0,"374":0,"375":0,"376":0,"377":0,"378":0,"379":0,"380":0,"381":0,"382":0,"383":0,"384":1,"385":1},"f":{"0":15,"1":2,"2":0,"3":2,"4":2,"5":2,"6":0,"7":0,"8":0,"9":0,"10":0,"11":0,"12":0,"13":0,"14":3,"15":3,"16":0,"17":0,"18":0,"19":1,"20":1,"21":1,"22":0,"23":2,"24":1,"25":0,"26":0,"27":0,"28":0,"29":0,"30":0,"31":2,"32":0,"33":3,"34":0,"35":0,"36":0,"37":0,"38":0,"39":0,"40":0,"41":1,"42":0,"43":2,"44":2,"45":0,"46":0,"47":0,"48":0,"49":0,"50":0,"51":0,"52":0,"53":0,"54":0,"55":0,"56":0,"57":0,"58":0,"59":0,"60":0,"61":0,"62":0,"63":0,"64":0,"65":0,"66":0,"67":0,"68":0,"69":0,"70":0,"71":0,"72":0,"73":0,"74":0,"75":0,"76":0,"77":0,"78":0,"79":0,"80":0,"81":0,"82":0,"83":0,"84":0,"85":0,"86":0,"87":0,"88":0},"b":{"0":[2,0],"1":[0],"2":[0],"3":[2,2],"4":[0],"5":[2,2],"6":[1],"7":[0,0],"8":[0],"9":[0,0],"10":[0,0],"11":[0,0],"12":[0],"13":[0,0,0],"14":[0,0],"15":[0],"16":[0],"17":[0,0],"18":[0,0],"19":[0,0],"20":[0,0],"21":[0,0],"22":[0,0],"23":[0,0],"24":[0],"25":[1,0],"26":[0],"27":[0,0],"28":[0,0],"29":[0,0],"30":[0,0],"31":[0,0],"32":[0,0],"33":[0,0],"34":[1],"35":[0],"36":[0],"37":[0],"38":[0],"39":[0],"40":[0],"41":[1],"42":[1],"43":[0,1],"44":[0],"45":[0],"46":[1],"47":[3,3],"48":[1,1],"49":[1,1],"50":[0],"51":[0],"52":[0],"53":[0,0],"54":[0,0],"55":[0,0],"56":[0],"57":[0],"58":[2,1],"59":[1,0],"60":[1,0],"61":[1,0],"62":[0,2],"63":[2,1],"64":[1],"65":[2,2],"66":[1],"67":[0,0],"68":[0],"69":[0],"70":[0,0],"71":[0],"72":[0],"73":[0],"74":[0],"75":[0],"76":[0],"77":[0],"78":[0],"79":[0,0],"80":[0],"81":[0,0,0],"82":[0,0],"83":[0,0],"84":[0,0,0],"85":[0,0],"86":[0],"87":[0],"88":[0],"89":[0,0],"90":[0],"91":[0,0],"92":[0],"93":[0],"94":[0,0],"95":[0,0],"96":[0,0],"97":[0,0],"98":[0,0],"99":[0,0],"100":[0,0],"101":[0,0],"102":[0,0],"103":[0,0],"104":[0],"105":[0],"106":[0,0],"107":[0,0],"108":[0,0],"109":[0,0],"110":[0,0],"111":[0,0],"112":[0,0],"113":[0,0],"114":[0,0],"115":[0,0],"116":[0],"117":[0],"118":[0,0],"119":[0,0],"120":[0],"121":[0,0],"122":[0,0],"123":[0,0],"124":[0],"125":[0,0],"126":[0,0],"127":[0,0],"128":[0,0],"129":[0],"130":[0,0,0],"131":[0,0],"132":[0,0],"133":[0],"134":[0],"135":[0,0],"136":[0,0,0],"137":[0,0]}}
[...]
"end":{"line":55,"column":72}},"type":"cond-expr","locations":[{"start":{"line":55,"column":35},"end":{"line":55,"column":65}},{"start":{"line":55,"column":68},"end":{"line":55,"column":72}}]},"3":{"loc":{"start":{"line":62,"column":14},"end":{"line":62,"column":81}},"type":"cond-expr","locations":[{"start":{"line":62,"column":31},"end":{"line":62,"column":64}},{"start":{"line":62,"column":67},"end":{"line":62,"column":81}}]},"4":{"loc":{"start":{"line":63,"column":18},"end":{"line":63,"column":41}},"type":"binary-expr","locations":[{"start":{"line":63,"column":18},"end":{"line":63,"column":35}},{"start":{"line":63,"column":39},"end":{"line":63,"column":41}}]},"5":{"loc":{"start":{"line":65,"column":14},"end":{"line":65,"column":78}},"type":"cond-expr","locations":[{"start":{"line":65,"column":30},"end":{"line":65,"column":62}},{"start":{"line":65,"column":65},"end":{"line":65,"column":78}}]},"6":{"loc":{"start":{"line":70,"column":79},"end":{"line":70,"column":89}},"type":"default-arg","locations":[{"start":{"line":70,"column":87},"end":{"line":70,"column":89}}]},"7":{"loc":{"start":{"line":79,"column":12},"end":{"line":79,"column":65}},"type":"cond-expr","locations":[{"start":{"line":79,"column":21},"end":{"line":79,"column":60}},{"start":{"line":79,"column":63},"end":{"line":79,"column":65}}]},"8":{"loc":{"start":{"line":88,"column":18},"end":{"line":88,"column":110}},"type":"cond-expr","locations":[{"start":{"line":88,"column":50},"end":{"line":88,"column":103}},{"start":{"line":88,"column":106},"end":{"line":88,"column":110}}]},"9":{"loc":{"start":{"line":92,"column":80},"end":{"line":92,"column":90}},"type":"default-arg","locations":[{"start":{"line":92,"column":88},"end":{"line":92,"column":90}}]},"10":{"loc":{"start":{"line":96,"column":4},"end":{"line":98,"column":5}},"type":"if","locations":[{"start":{"line":96,"column":4},"end":{"line":98,"column":5}}]},"11":{"loc":{"start":{"line":137,"column":75},"end":{"line":137,"column":92}},"type":"default-arg","locations":[{"start":{"line":137,"column":90},"end":{"line":137,"column":92}}]},"12":{"loc":{"start":{"line":139,"column":30},"end":{"line":139,"column":51}},"type":"binary-expr","locations":[{"start":{"line":139,"column":30},"end":{"line":139,"column":45}},{"start":{"line":139,"column":49},"end":{"line":139,"column":51}}]},"13":{"loc":{"start":{"line":142,"column":4},"end":{"line":144,"column":5}},"type":"if","locations":[{"start":{"line":142,"column":4},"end":{"line":144,"column":5}}]},"14":{"loc":{"start":{"line":142,"column":8},"end":{"line":142,"column":56}},"type":"binary-expr","locations":[{"start":{"line":142,"column":8},"end":{"line":142,"column":26}},{"start":{"line":142,"column":30},"end":{"line":142,"column":56}}]},"15":{"loc":{"start":{"line":155,"column":21},"end":{"line":165,"column":21}},"type":"cond-expr","locations":[{"start":{"line":156,"column":12},"end":{"line":164,"column":null}},{"start":{"line":165,"column":12},"end":{"line":165,"column":21}}]},"16":{"loc":{"start":{"line":194,"column":4},"end":{"line":196,"column":5}},"type":"if","locations":[{"start":{"line":194,"column":4},"end":{"line":196,"column":5}}]},"17":{"loc":{"start":{"line":199,"column":4},"end":{"line":201,"column":5}},"type":"if","locations":[{"start":{"line":199,"column":4},"end":{"line":201,"column":5}}]},"18":{"loc":{"start":{"line":199,"column":8},"end":{"line":199,"column":79}},"type":"binary-expr","locations":[{"start":{"line":199,"column":8},"end":{"line":199,"column":39}},{"start":{"line":199,"column":43},"end":{"line":199,"column":79}}]},"19":{"loc":{"start":{"line":231,"column":4},"end":{"line":233,"column":5}},"type":"if","locations":[{"start":{"line":231,"column":4},"end":{"line":233,"column":5}}]},"20":{"loc":{"start":{"line":241,"column":4},"end":{"line":243,"column":5}},"type":"if","locations":[{"start":{"line":241,"column":4},"end":{"line":243,"column":5}}]},"21":{"loc":{"start":{"line":241,"column":8},"end":{"line":241,"column":37}},"type":"binary-expr","locations":[{"start":{"line":241,"column":8},"end":{"line":241,"column":16}},{"start":{"line":241,"column":20},"end":{"line":241,"column":37}}]},"22":{"loc":{"start":{"line":246,"column":4},"end":{"line":248,"column":5}},"type":"if","locations":[{"start":{"line":246,"column":4},"end":{"line":248,"column":5}}]},"23":{"loc":{"start":{"line":285,"column":4},"end":{"line":287,"column":5}},"type":"if","locations":[{"start":{"line":285,"column":4},"end":{"line":287,"column":5}}]},"24":{"loc":{"start":{"line":295,"column":4},"end":{"line":297,"column":5}},"type":"if","locations":[{"start":{"line":295,"column":4},"end":{"line":297,"column":5}}]},"25":{"loc":{"start":{"line":305,"column":4},"end":{"line":307,"column":5}},"type":"if","locations":[{"start":{"line":305,"column":4},"end":{"line":307,"column":5}}]},"26":{"loc":{"start":{"line":342,"column":4},"end":{"line":344,"column":5}},"type":"if","locations":[{"start":{"line":342,"column":4},"end":{"line":344,"column":5}}]},"27":{"loc":{"start":{"line":352,"column":4},"end":{"line":354,"column":5}},"type":"if","locations":[{"start":{"line":352,"column":4},"end":{"line":354,"column":5}}]},"28":{"loc":{"start":{"line":361,"column":8},"end":{"line":370,"column":null}},"type":"cond-expr","locations":[{"start":{"line":362,"column":12},"end":{"line":365,"column":null}},{"start":{"line":366,"column":12},"end":{"line":370,"column":null}}]},"29":{"loc":{"start":{"line":373,"column":4},"end":{"line":385,"column":5}},"type":"if","locations":[{"start":{"line":373,"column":4},"end":{"line":385,"column":5}}]},"30":{"loc":{"start":{"line":396,"column":4},"end":{"line":413,"column":5}},"type":"if","locations":[{"start":{"line":396,"column":4},"end":{"line":413,"column":5}}]},"31":{"loc":{"start":{"line":447,"column":28},"end":{"line":447,"column":104}},"type":"cond-expr","locations":[{"start":{"line":447,"column":58},"end":{"line":447,"column":99}},{"start":{"line":447,"column":102},"end":{"line":447,"column":104}}]},"32":{"loc":{"start":{"line":448,"column":4},"end":{"line":450,"column":5}},"type":"if","locations":[{"start":{"line":448,"column":4},"end":{"line":450,"column":5}}]},"33":{"loc":{"start":{"line":448,"column":8},"end":{"line":448,"column":36}},"type":"binary-expr","locations":[{"start":{"line":448,"column":8},"end":{"line":448,"column":16}},{"start":{"line":448,"column":20},"end":{"line":448,"column":36}}]},"34":{"loc":{"start":{"line":466,"column":17},"end":{"line":468,"column":57}},"type":"cond-expr","locations":[{"start":{"line":467,"column":14},"end":{"line":467,"column":54}},{"start":{"line":468,"column":14},"end":{"line":468,"column":57}}]},"35":{"loc":{"start":{"line":469,"column":47},"end":{"line":469,"column":73}},"type":"binary-expr","locations":[{"start":{"line":469,"column":47},"end":{"line":469,"column":54}},{"start":{"line":469,"column":58},"end":{"line":469,"column":73}}]}},"s":{"0":1,"1":1,"2":1,"3":1,"4":1,"5":1,"6":1,"7":1,"8":1,"9":11,"10":11,"11":11,"12":11,"13":11,"14":0,"15":3,"16":0,"17":0,"18":4,"19":4,"20":0,"21":1,"22":1,"23":1,"24":1,"25":2,"26":1,"27":1,"28":1,"29":1,"30":0,"31":0,"32":0,"33":0,"34":1,"35":1,"36":2,"37":2,"38":2,"39":2,"40":1,"41":1,"42":1,"43":1,"44":1,"45":1,"46":1,"47":1,"48":2,"49":2,"50":0,"51":2,"52":2,"53":1,"54":1,"55":1,"56":1,"57":2,"58":2,"59":0,"60":2,"61":2,"62":0,"63":2,"64":2,"65":1,"66":1,"67":1,"68":1,"69":0,"70":0,"71":0,"72":0,"73":0,"74":1,"75":1,"76":0,"77":1,"78":1,"79":0,"80":1,"81":1,"82":1,"83":1,"84":1,"85":1,"86":0,"87":1,"88":1,"89":0,"90":1,"91":1,"92":1,"93":1,"94":1,"95":1,"96":0,"97":0,"98":0,"99":0,"100":0,"101":0,"102":0,"103":0,"104":0,"105":0,"106":0,"107":0,"108":0,"109":0,"110":0,"111":0,"112":0,"113":0,"114":0,"115":0,"116":1,"117":1},"f":{"0":11,"1":0,"2":3,"3":0,"4":4,"5":4,"6":0,"7":1,"8":2,"9":1,"10":0,"11":1,"12":2,"13":1,"14":1,"15":2,"16":2,"17":0,"18":1,"19":1,"20":0,"21":0,"22":0,"23":0,"24":0,"25":0,"26":0,"27":0,"28":0},"b":{"0":[0,0],"1":[0,0],"2":[0,4],"3":[4,0],"4":[4,0],"5":[0,0],"6":[0],"7":[0,1],"8":[1,0],"9":[1],"10":[1],"11":[0],"12":[2,0],"13":[1],"14":[2,1],"15":[1,0],"16":[0],"17":[1],"18":[2,2],"19":[0],"20":[0],"21":[2,2],"22":[1],"23":[0],"24":[0],"25":[0],"26":[0],"27":[0],"28":[1,0],"29":[1],"30":[0],"31":[0,0],"32":[0],"33":[0,0],"34":[0,0],"35":[0,0]}}
,"D:\\DIPLOM\\backend\\src\\notifications\\notification-hub.service.ts": {"path":"D:\\DIPLOM\\backend\\src\\notifications\\notification-hub.service.ts","statementMap":{"0":{"start":{"line":1,"column":0},"end":{"line":1,"column":44}},"1":{"start":{"line":5,"column":7},"end":{"line":15,"column":null}},"2":{"start":{"line":6,"column":10},"end":{"line":6,"column":39}},"3":{"start":{"line":9,"column":4},"end":{"line":9,"column":25}},"4":{"start":{"line":13,"column":4},"end":{"line":13,"column":59}},"5":{"start":{"line":5,"column":13},"end":{"line":5,"column":35}},"6":{"start":{"line":5,"column":13},"end":{"line":15,"column":null}}},"fnMap":{"0":{"name":"(anonymous_1)","decl":{"start":{"line":5,"column":7},"end":{"line":5,"column":13}},"loc":{"start":{"line":5,"column":7},"end":{"line":15,"column":1}}},"1":{"name":"(anonymous_2)","decl":{"start":{"line":8,"column":2},"end":{"line":8,"column":8}},"loc":{"start":{"line":8,"column":23},"end":{"line":10,"column":3}}},"2":{"name":"(anonymous_3)","decl":{"start":{"line":12,"column":2},"end":{"line":12,"column":12}},"loc":{"start":{"line":12,"column":56},"end":{"line":14,"column":3}}}},"branchMap":{},"s":{"0":2,"1":2,"2":0,"3":0,"4":0,"5":2,"6":2},"f":{"0":0,"1":0,"2":0},"b":{}}
,"D:\\DIPLOM\\backend\\src\\notifications\\notifications.service.ts": {"path":"D:\\DIPLOM\\backend\\src\\notifications\\notifications.service.ts","statementMap":{"0":{"start":{"line":1,"column":0},"end":{"line":1,"column":44}},"1":{"start":{"line":3,"column":0},"end":{"line":3,"column":57}},"2":{"start":{"line":4,"column":0},"end":{"line":4,"column":68}},"3":{"start":{"line":7,"column":7},"end":{"line":62,"column":null}},"4":{"start":{"line":9,"column":21},"end":{"line":9,"column":29}},"5":{"start":{"line":10,"column":21},"end":{"line":10,"column":26}},"6":{"start":{"line":20,"column":25},"end":{"line":29,"column":6}},"7":{"start":{"line":30,"column":4},"end":{"line":30,"column":66}},"8":{"start":{"line":31,"column":4},"end":{"line":31,"column":24}},"9":{"start":{"line":35,"column":4},"end":{"line":42,"column":7}},"10":{"start":{"line":46,"column":19},"end":{"line":49,"column":6}},"11":{"start":{"line":50,"column":4},"end":{"line":50,"column":61}},"12":{"start":{"line":51,"column":4},"end":{"line":51,"column":18}},"13":{"start":{"line":55,"column":19},"end":{"line":58,"column":6}},"14":{"start":{"line":59,"column":4},"end":{"line":59,"column":71}},"15":{"start":{"line":60,"column":4},"end":{"line":60,"column":18}},"16":{"start":{"line":7,"column":13},"end":{"line":7,"column":33}},"17":{"start":{"line":7,"column":13},"end":{"line":62,"column":null}}},"fnMap":{"0":{"name":"(anonymous_2)","decl":{"start":{"line":8,"column":2},"end":{"line":8,"column":null}},"loc":{"start":{"line":10,"column":48},"end":{"line":11,"column":6}}},"1":{"name":"(anonymous_3)","decl":{"start":{"line":13,"column":2},"end":{"line":13,"column":7}},"loc":{"start":{"line":19,"column":3},"end":{"line":32,"column":3}}},"2":{"name":"(anonymous_4)","decl":{"start":{"line":34,"column":2},"end":{"line":34,"column":6}},"loc":{"start":{"line":34,"column":50},"end":{"line":43,"column":3}}},"3":{"name":"(anonymous_5)","decl":{"start":{"line":45,"column":2},"end":{"line":45,"column":7}},"loc":{"start":{"line":45,"column":43},"end":{"line":52,"column":3}}},"4":{"name":"(anonymous_6)","decl":{"start":{"line":54,"column":2},"end":{"line":54,"column":7}},"loc":{"start":{"line":54,"column":34},"end":{"line":61,"column":3}}}},"branchMap":{"0":{"loc":{"start":{"line":34,"column":40},"end":{"line":34,"column":50}},"type":"default-arg","locations":[{"start":{"line":34,"column":48},"end":{"line":34,"column":50}}]},"1":{"loc":{"start":{"line":38,"column":12},"end":{"line":38,"column":65}},"type":"cond-expr","locations":[{"start":{"line":38,"column":21},"end":{"line":38,"column":60}},{"start":{"line":38,"column":63},"end":{"line":38,"column":65}}]}},"s":{"0":2,"1":2,"2":2,"3":2,"4":0,"5":0,"6":0,"7":0,"8":0,"9":0,"10":0,"11":0,"12":0,"13":0,"14":0,"15":0,"16":2,"17":2},"f":{"0":0,"1":0,"2":0,"3":0,"4":0},"b":{"0":[0],"1":[0,0]}}
,"D:\\DIPLOM\\backend\\src\\prisma\\prisma.service.ts": {"path":"D:\\DIPLOM\\backend\\src\\prisma\\prisma.service.ts","statementMap":{"0":{"start":{"line":1,"column":0},"end":{"line":1,"column":76}},"1":{"start":{"line":2,"column":0},"end":{"line":2,"column":46}},"2":{"start":{"line":5,"column":7},"end":{"line":15,"column":null}},"3":{"start":{"line":7,"column":4},"end":{"line":7,"column":26}},"4":{"start":{"line":11,"column":4},"end":{"line":13,"column":7}},"5":{"start":{"line":12,"column":6},"end":{"line":12,"column":24}},"6":{"start":{"line":5,"column":13},"end":{"line":5,"column":26}},"7":{"start":{"line":5,"column":13},"end":{"line":15,"column":null}}},"fnMap":{"0":{"name":"(anonymous_1)","decl":{"start":{"line":6,"column":2},"end":{"line":6,"column":7}},"loc":{"start":{"line":6,"column":20},"end":{"line":8,"column":3}}},"1":{"name":"(anonymous_2)","decl":{"start":{"line":10,"column":2},"end":{"line":10,"column":7}},"loc":{"start":{"line":10,"column":49},"end":{"line":14,"column":3}}},"2":{"name":"(anonymous_3)","decl":{"start":{"line":11,"column":29},"end":{"line":11,"column":34}},"loc":{"start":{"line":11,"column":40},"end":{"line":13,"column":5}}}},"branchMap":{},"s":{"0":4,"1":4,"2":4,"3":0,"4":0,"5":0,"6":4,"7":4},"f":{"0":0,"1":0,"2":0},"b":{}}
,"D:\\DIPLOM\\backend\\src\\storage\\storage.service.ts": {"path":"D:\\DIPLOM\\backend\\src\\storage\\storage.service.ts","statementMap":{"0":{"start":{"line":1,"column":0},"end":{"line":1,"column":65}},"1":{"start":{"line":2,"column":0},"end":{"line":2,"column":59}},"2":{"start":{"line":3,"column":0},"end":{"line":3,"column":37}},"3":{"start":{"line":4,"column":0},"end":{"line":4,"column":36}},"4":{"start":{"line":7,"column":7},"end":{"line":125,"column":null}},"5":{"start":{"line":8,"column":19},"end":{"line":8,"column":57}},"6":{"start":{"line":9,"column":19},"end":{"line":9,"column":50}},"7":{"start":{"line":10,"column":19},"end":{"line":40,"column":5}},"8":{"start":{"line":41,"column":19},"end":{"line":53,"column":4}},"9":{"start":{"line":56,"column":4},"end":{"line":58,"column":5}},"10":{"start":{"line":57,"column":6},"end":{"line":57,"column":48}},"11":{"start":{"line":62,"column":4},"end":{"line":64,"column":5}},"12":{"start":{"line":63,"column":6},"end":{"line":63,"column":26}},"13":{"start":{"line":66,"column":4},"end":{"line":71,"column":5}},"14":{"start":{"line":67,"column":22},"end":{"line":67,"column":74}},"15":{"start":{"line":68,"column":6},"end":{"line":68,"column":65}},"16":{"start":{"line":70,"column":6},"end":{"line":70,"column":26}},"17":{"start":{"line":78,"column":4},"end":{"line":80,"column":5}},"18":{"start":{"line":79,"column":6},"end":{"line":79,"column":56}},"19":{"start":{"line":81,"column":4},"end":{"line":83,"column":5}},"20":{"start":{"line":82,"column":6},"end":{"line":82,"column":57}},"21":{"start":{"line":85,"column":25},"end":{"line":85,"column":76}},"22":{"start":{"line":86,"column":22},"end":{"line":86,"column":57}},"23":{"start":{"line":87,"column":21},"end":{"line":87,"column":64}},"24":{"start":{"line":88,"column":31},"end":{"line":88,"column":68}},"25":{"start":{"line":89,"column":26},"end":{"line":89,"column":96}},"26":{"start":{"line":89,"column":68},"end":{"line":89,"column":95}},"27":{"start":{"line":90,"column":4},"end":{"line":92,"column":5}},"28":{"start":{"line":91,"column":6},"end":{"line":91,"column":64}},"29":{"start":{"line":94,"column":22},"end":{"line":94,"column":44}},"30":{"start":{"line":95,"column":4},"end":{"line":97,"column":5}},"31":{"start":{"line":96,"column":6},"end":{"line":96,"column":48}},"32":{"start":{"line":99,"column":20},"end":{"line":99,"column":42}},"33":{"start":{"line":100,"column":23},"end":{"line":100,"column":50}},"34":{"start":{"line":101,"column":21},"end":{"line":101,"column":48}},"35":{"start":{"line":103,"column":4},"end":{"line":103,"column":46}},"36":{"start":{"line":105,"column":4},"end":{"line":111,"column":6}},"37":{"start":{"line":115,"column":4},"end":{"line":115,"column":29}},"38":{"start":{"line":119,"column":4},"end":{"line":123,"column":5}},"39":{"start":{"line":120,"column":6},"end":{"line":120,"column":28}},"40":{"start":{"line":7,"column":13},"end":{"line":7,"column":27}},"41":{"start":{"line":7,"column":13},"end":{"line":125,"column":null}}},"fnMap":{"0":{"name":"(anonymous_2)","decl":{"start":{"line":55,"column":2},"end":{"line":55,"column":null}},"loc":{"start":{"line":55,"column":2},"end":{"line":59,"column":3}}},"1":{"name":"(anonymous_3)","decl":{"start":{"line":61,"column":10},"end":{"line":61,"column":31}},"loc":{"start":{"line":61,"column":52},"end":{"line":72,"column":3}}},"2":{"name":"(anonymous_4)","decl":{"start":{"line":74,"column":2},"end":{"line":74,"column":7}},"loc":{"start":{"line":76,"column":13},"end":{"line":112,"column":3}}},"3":{"name":"(anonymous_5)","decl":{"start":{"line":89,"column":56},"end":{"line":89,"column":57}},"loc":{"start":{"line":89,"column":68},"end":{"line":89,"column":95}}},"4":{"name":"(anonymous_6)","decl":{"start":{"line":114,"column":2},"end":{"line":114,"column":6}},"loc":{"start":{"line":114,"column":19},"end":{"line":116,"column":3}}},"5":{"name":"(anonymous_7)","decl":{"start":{"line":118,"column":2},"end":{"line":118,"column":7}},"loc":{"start":{"line":118,"column":27},"end":{"line":124,"column":3}}}},"branchMap":{"0":{"loc":{"start":{"line":56,"column":4},"end":{"line":58,"column":5}},"type":"if","locations":[{"start":{"line":56,"column":4},"end":{"line":58,"column":5}}]},"1":{"loc":{"start":{"line":62,"column":4},"end":{"line":64,"column":5}},"type":"if","locations":[{"start":{"line":62,"column":4},"end":{"line":64,"column":5}}]},"2":{"loc":{"start":{"line":68,"column":13},"end":{"line":68,"column":64}},"type":"cond-expr","locations":[{"start":{"line":68,"column":42},"end":{"line":68,"column":49}},{"start":{"line":68,"column":52},"end":{"line":68,"column":64}}]},"3":{"loc":{"start":{"line":78,"column":4},"end":{"line":80,"column":5}},"type":"if","locations":[{"start":{"line":78,"column":4},"end":{"line":80,"column":5}}]},"4":{"loc":{"start":{"line":81,"column":4},"end":{"line":83,"column":5}},"type":"if","locations":[{"start":{"line":81,"column":4},"end":{"line":83,"column":5}}]},"5":{"loc":{"start":{"line":85,"column":52},"end":{"line":85,"column":75}},"type":"binary-expr","locations":[{"start":{"line":85,"column":52},"end":{"line":85,"column":69}},{"start":{"line":85,"column":73},"end":{"line":85,"column":75}}]},"6":{"loc":{"start":{"line":87,"column":21},"end":{"line":87,"column":64}},"type":"binary-expr","locations":[{"start":{"line":87,"column":21},"end":{"line":87,"column":34}},{"start":{"line":87,"column":38},"end":{"line":87,"column":64}}]},"7":{"loc":{"start":{"line":90,"column":4},"end":{"line":92,"column":5}},"type":"if","locations":[{"start":{"line":90,"column":4},"end":{"line":92,"column":5}}]},"8":{"loc":{"start":{"line":90,"column":8},"end":{"line":90,"column":45}},"type":"binary-expr","locations":[{"start":{"line":90,"column":8},"end":{"line":90,"column":27}},{"start":{"line":90,"column":31},"end":{"line":90,"column":45}}]},"9":{"loc":{"start":{"line":95,"column":4},"end":{"line":97,"column":5}},"type":"if","locations":[{"start":{"line":95,"column":4},"end":{"line":97,"column":5}}]}},"s":{"0":3,"1":3,"2":3,"3":3,"4":3,"5":0,"6":0,"7":0,"8":0,"9":0,"10":0,"11":0,"12":0,"13":0,"14":0,"15":0,"16":0,"17":0,"18":0,"19":0,"20":0,"21":0,"22":0,"23":0,"24":0,"25":0,"26":0,"27":0,"28":0,"29":0,"30":0,"31":0,"32":0,"33":0,"34":0,"35":0,"36":0,"37":0,"38":0,"39":0,"40":3,"41":3},"f":{"0":0,"1":0,"2":0,"3":0,"4":0,"5":0},"b":{"0":[0],"1":[0],"2":[0,0],"3":[0],"4":[0],"5":[0,0],"6":[0,0],"7":[0],"8":[0,0],"9":[0]}}
}
