TN:
SF:src\assignments\assignments.service.ts
FN:40,(anonymous_2)
FN:48,(anonymous_3)
FN:55,(anonymous_4)
FN:61,(anonymous_5)
FN:68,(anonymous_6)
FN:75,(anonymous_7)
FN:81,(anonymous_8)
FN:86,(anonymous_9)
FN:87,(anonymous_10)
FN:87,(anonymous_11)
FN:90,(anonymous_12)
FN:97,(anonymous_13)
FN:105,(anonymous_14)
FN:109,(anonymous_15)
FN:124,(anonymous_16)
FN:143,(anonymous_17)
FN:151,(anonymous_18)
FN:197,(anonymous_19)
FN:209,(anonymous_20)
FN:290,(anonymous_21)
FN:309,(anonymous_22)
FN:350,(anonymous_23)
FN:353,(anonymous_24)
FN:391,(anonymous_25)
FN:422,(anonymous_26)
FN:453,(anonymous_27)
FN:474,(anonymous_28)
FN:506,(anonymous_29)
FN:519,(anonymous_30)
FN:527,(anonymous_31)
FN:541,(anonymous_32)
FN:571,(anonymous_33)
FN:651,(anonymous_34)
FN:664,(anonymous_35)
FN:738,(anonymous_36)
FN:785,(anonymous_37)
FN:795,(anonymous_38)
FN:811,(anonymous_39)
FN:839,(anonymous_40)
FN:841,(anonymous_41)
FN:850,(anonymous_42)
FN:874,(anonymous_43)
FN:926,(anonymous_44)
FN:963,(anonymous_45)
FN:1022,(anonymous_46)
FN:1061,(anonymous_47)
FN:1073,(anonymous_48)
FN:1079,(anonymous_49)
FN:1112,(anonymous_50)
FN:1116,(anonymous_51)
FN:1133,(anonymous_52)
FN:1192,(anonymous_53)
FN:1198,(anonymous_54)
FN:1222,(anonymous_55)
FN:1266,(anonymous_56)
FN:1271,(anonymous_57)
FN:1276,(anonymous_58)
FN:1277,(anonymous_59)
FN:1280,(anonymous_60)
FN:1300,(anonymous_61)
FN:1308,(anonymous_62)
FN:1315,(anonymous_63)
FN:1315,(anonymous_64)
FN:1354,(anonymous_65)
FN:1361,(anonymous_66)
FN:1438,(anonymous_67)
FN:1462,(anonymous_68)
FN:1467,(anonymous_69)
FN:1482,(anonymous_70)
FN:1592,(anonymous_71)
FN:1596,(anonymous_72)
FN:1600,(anonymous_73)
FN:1602,(anonymous_74)
FN:1603,(anonymous_75)
FN:1614,(anonymous_76)
FN:1632,(anonymous_77)
FN:1643,(anonymous_78)
FN:1677,(anonymous_79)
FN:1688,(anonymous_80)
FN:1693,(anonymous_81)
FN:1702,(anonymous_82)
FN:1707,(anonymous_83)
FN:1797,(anonymous_84)
FN:1805,(anonymous_85)
FN:1814,(anonymous_86)
FN:1817,(anonymous_87)
FN:1841,(anonymous_88)
FN:1851,(anonymous_89)
FN:1868,(anonymous_90)
FNF:89
FNH:17
FNDA:15,(anonymous_2)
FNDA:2,(anonymous_3)
FNDA:0,(anonymous_4)
FNDA:2,(anonymous_5)
FNDA:2,(anonymous_6)
FNDA:2,(anonymous_7)
FNDA:0,(anonymous_8)
FNDA:0,(anonymous_9)
FNDA:0,(anonymous_10)
FNDA:0,(anonymous_11)
FNDA:0,(anonymous_12)
FNDA:0,(anonymous_13)
FNDA:0,(anonymous_14)
FNDA:0,(anonymous_15)
FNDA:3,(anonymous_16)
FNDA:3,(anonymous_17)
FNDA:0,(anonymous_18)
FNDA:0,(anonymous_19)
FNDA:0,(anonymous_20)
FNDA:1,(anonymous_21)
FNDA:1,(anonymous_22)
FNDA:1,(anonymous_23)
FNDA:0,(anonymous_24)
FNDA:2,(anonymous_25)
FNDA:1,(anonymous_26)
FNDA:0,(anonymous_27)
FNDA:0,(anonymous_28)
FNDA:0,(anonymous_29)
FNDA:0,(anonymous_30)
FNDA:0,(anonymous_31)
FNDA:0,(anonymous_32)
FNDA:2,(anonymous_33)
FNDA:0,(anonymous_34)
FNDA:3,(anonymous_35)
FNDA:0,(anonymous_36)
FNDA:0,(anonymous_37)
FNDA:0,(anonymous_38)
FNDA:0,(anonymous_39)
FNDA:0,(anonymous_40)
FNDA:0,(anonymous_41)
FNDA:0,(anonymous_42)
FNDA:1,(anonymous_43)
FNDA:0,(anonymous_44)
FNDA:2,(anonymous_45)
FNDA:2,(anonymous_46)
FNDA:0,(anonymous_47)
FNDA:0,(anonymous_48)
FNDA:0,(anonymous_49)
FNDA:0,(anonymous_50)
FNDA:0,(anonymous_51)
FNDA:0,(anonymous_52)
FNDA:0,(anonymous_53)
FNDA:0,(anonymous_54)
FNDA:0,(anonymous_55)
FNDA:0,(anonymous_56)
FNDA:0,(anonymous_57)
FNDA:0,(anonymous_58)
FNDA:0,(anonymous_59)
FNDA:0,(anonymous_60)
FNDA:0,(anonymous_61)
FNDA:0,(anonymous_62)
FNDA:0,(anonymous_63)
FNDA:0,(anonymous_64)
FNDA:0,(anonymous_65)
FNDA:0,(anonymous_66)
FNDA:0,(anonymous_67)
FNDA:0,(anonymous_68)
FNDA:0,(anonymous_69)
FNDA:0,(anonymous_70)
FNDA:0,(anonymous_71)
FNDA:0,(anonymous_72)
FNDA:0,(anonymous_73)
FNDA:0,(anonymous_74)
FNDA:0,(anonymous_75)
FNDA:0,(anonymous_76)
FNDA:0,(anonymous_77)
FNDA:0,(anonymous_78)
FNDA:0,(anonymous_79)
FNDA:0,(anonymous_80)
FNDA:0,(anonymous_81)
FNDA:0,(anonymous_82)
FNDA:0,(anonymous_83)
FNDA:0,(anonymous_84)
FNDA:0,(anonymous_85)
FNDA:0,(anonymous_86)
FNDA:0,(anonymous_87)
FNDA:0,(anonymous_88)
FNDA:0,(anonymous_89)
FNDA:0,(anonymous_90)
DA:1,1
DA:2,1
DA:9,1
DA:10,1
DA:11,1
DA:12,1
DA:13,1
DA:14,1
DA:23,1
DA:34,1
DA:35,15
DA:41,15
DA:42,15
DA:43,15
DA:44,15
DA:45,15
DA:49,2
DA:56,0
DA:57,0
DA:62,2
DA:63,0
DA:65,2
DA:69,2
DA:70,0
DA:72,2
DA:76,2
DA:77,1
DA:82,0
DA:83,0
DA:87,0
DA:91,0
DA:92,0
DA:94,0
DA:98,0
DA:99,0
DA:100,0
DA:101,0
DA:102,0
DA:106,0
DA:114,0
DA:119,0
DA:121,0
DA:131,3
DA:142,3
DA:144,3
DA:152,0
DA:153,0
DA:154,0
DA:157,0
DA:158,0
DA:160,0
DA:161,0
DA:162,0
DA:165,0
DA:178,0
DA:186,0
DA:194,0
DA:198,0
DA:200,0
DA:210,0
DA:211,0
DA:213,0
DA:270,0
DA:271,0
DA:273,0
DA:281,0
DA:291,1
DA:292,1
DA:310,1
DA:316,1
DA:317,0
DA:320,1
DA:321,1
DA:323,1
DA:350,1
DA:354,0
DA:358,0
DA:359,0
DA:362,0
DA:364,0
DA:380,0
DA:388,0
DA:392,2
DA:398,2
DA:399,1
DA:402,1
DA:404,1
DA:411,1
DA:419,1
DA:423,1
DA:429,1
DA:430,0
DA:433,1
DA:435,1
DA:442,1
DA:450,1
DA:454,0
DA:456,0
DA:471,0
DA:475,0
DA:481,0
DA:482,0
DA:485,0
DA:486,0
DA:488,0
DA:495,0
DA:503,0
DA:507,0
DA:508,0
DA:509,0
DA:512,0
DA:513,0
DA:514,0
DA:516,0
DA:520,0
DA:521,0
DA:528,0
DA:534,0
DA:535,0
DA:537,0
DA:538,0
DA:542,0
DA:552,0
DA:553,0
DA:556,0
DA:557,0
DA:558,0
DA:560,0
DA:568,0
DA:572,2
DA:573,2
DA:574,2
DA:575,1
DA:578,1
DA:579,1
DA:581,1
DA:590,1
DA:591,1
DA:601,1
DA:608,1
DA:620,1
DA:632,1
DA:640,1
DA:648,1
DA:652,0
DA:653,0
DA:654,0
DA:657,0
DA:658,0
DA:659,0
DA:661,0
DA:665,3
DA:666,3
DA:678,3
DA:679,1
DA:682,2
DA:683,2
DA:684,2
DA:685,2
DA:687,2
DA:699,2
DA:714,2
DA:727,2
DA:735,2
DA:745,0
DA:751,0
DA:752,0
DA:755,0
DA:757,0
DA:758,0
DA:760,0
DA:784,0
DA:785,0
DA:796,0
DA:798,0
DA:812,0
DA:814,0
DA:835,0
DA:839,0
DA:841,0
DA:851,0
DA:866,0
DA:867,0
DA:870,0
DA:871,0
DA:875,1
DA:890,1
DA:891,0
DA:894,1
DA:896,1
DA:909,1
DA:920,1
DA:927,0
DA:928,0
DA:929,0
DA:930,0
DA:932,0
DA:937,0
DA:949,0
DA:960,0
DA:964,2
DA:965,2
DA:966,2
DA:967,2
DA:968,2
DA:970,1
DA:984,1
DA:998,1
DA:1011,1
DA:1019,1
DA:1023,2
DA:1024,2
DA:1025,2
DA:1027,2
DA:1028,1
DA:1031,1
DA:1032,1
DA:1033,1
DA:1036,0
DA:1050,0
DA:1055,0
DA:1062,0
DA:1064,0
DA:1073,0
DA:1080,0
DA:1081,0
DA:1094,0
DA:1102,0
DA:1103,0
DA:1112,0
DA:1113,0
DA:1115,0
DA:1117,0
DA:1127,0
DA:1134,0
DA:1135,0
DA:1136,0
DA:1139,0
DA:1153,0
DA:1154,0
DA:1157,0
DA:1158,0
DA:1159,0
DA:1162,0
DA:1175,0
DA:1186,0
DA:1193,0
DA:1194,0
DA:1195,0
DA:1205,0
DA:1207,0
DA:1208,0
DA:1209,0
DA:1211,0
DA:1214,0
DA:1222,0
DA:1223,0
DA:1224,0
DA:1227,0
DA:1263,0
DA:1267,0
DA:1271,0
DA:1273,0
DA:1275,0
DA:1277,0
DA:1278,0
DA:1281,0
DA:1286,0
DA:1287,0
DA:1301,0
DA:1302,0
DA:1303,0
DA:1304,0
DA:1309,0
DA:1314,0
DA:1315,0
DA:1317,0
DA:1318,0
DA:1321,0
DA:1354,0
DA:1362,0
DA:1364,0
DA:1365,0
DA:1369,0
DA:1370,0
DA:1374,0
DA:1436,0
DA:1438,0
DA:1446,0
DA:1447,0
DA:1448,0
DA:1449,0
DA:1450,0
DA:1453,0
DA:1454,0
DA:1455,0
DA:1458,0
DA:1462,0
DA:1468,0
DA:1469,0
DA:1489,0
DA:1491,0
DA:1501,0
DA:1502,0
DA:1505,0
DA:1513,0
DA:1514,0
DA:1517,0
DA:1518,0
DA:1520,0
DA:1529,0
DA:1531,0
DA:1532,0
DA:1542,0
DA:1552,0
DA:1566,0
DA:1581,0
DA:1589,0
DA:1593,0
DA:1594,0
DA:1596,0
DA:1597,0
DA:1600,0
DA:1602,0
DA:1603,0
DA:1604,0
DA:1605,0
DA:1606,0
DA:1608,0
DA:1611,0
DA:1620,0
DA:1621,0
DA:1622,0
DA:1623,0
DA:1626,0
DA:1629,0
DA:1630,0
DA:1632,0
DA:1644,0
DA:1645,0
DA:1646,0
DA:1649,0
DA:1675,0
DA:1677,0
DA:1689,0
DA:1693,0
DA:1694,0
DA:1695,0
DA:1698,0
DA:1699,0
DA:1703,0
DA:1707,0
DA:1710,0
DA:1796,0
DA:1797,0
DA:1805,0
DA:1814,0
DA:1818,0
DA:1819,0
DA:1820,0
DA:1821,0
DA:1823,0
DA:1840,0
DA:1841,0
DA:1852,0
DA:1853,0
DA:1855,0
DA:1866,0
DA:1868,0
LF:369
LH:99
BRDA:51,0,0,2
BRDA:51,0,1,0
BRDA:56,1,0,0
BRDA:62,2,0,0
BRDA:62,3,0,2
BRDA:62,3,1,2
BRDA:69,4,0,0
BRDA:69,5,0,2
BRDA:69,5,1,2
BRDA:76,6,0,1
BRDA:82,7,0,0
BRDA:82,7,1,0
BRDA:91,8,0,0
BRDA:91,9,0,0
BRDA:91,9,1,0
BRDA:100,10,0,0
BRDA:100,10,1,0
BRDA:106,11,0,0
BRDA:106,11,1,0
BRDA:114,12,0,0
BRDA:115,13,0,0
BRDA:115,13,1,0
BRDA:115,13,2,0
BRDA:119,14,0,0
BRDA:119,14,1,0
BRDA:153,15,0,0
BRDA:161,16,0,0
BRDA:170,17,0,0
BRDA:170,17,1,0
BRDA:238,18,0,0
BRDA:238,18,1,0
BRDA:270,19,0,0
BRDA:270,19,1,0
BRDA:273,20,0,0
BRDA:273,20,1,0
BRDA:274,21,0,0
BRDA:274,21,1,0
BRDA:275,22,0,0
BRDA:275,22,1,0
BRDA:276,23,0,0
BRDA:276,23,1,0
BRDA:316,24,0,0
BRDA:327,25,0,1
BRDA:327,25,1,0
BRDA:358,26,0,0
BRDA:367,27,0,0
BRDA:367,27,1,0
BRDA:368,28,0,0
BRDA:368,28,1,0
BRDA:369,29,0,0
BRDA:369,29,1,0
BRDA:369,30,0,0
BRDA:369,30,1,0
BRDA:370,31,0,0
BRDA:370,31,1,0
BRDA:373,32,0,0
BRDA:373,32,1,0
BRDA:374,33,0,0
BRDA:374,33,1,0
BRDA:398,34,0,1
BRDA:429,35,0,0
BRDA:481,36,0,0
BRDA:506,37,0,0
BRDA:508,38,0,0
BRDA:534,39,0,0
BRDA:552,40,0,0
BRDA:574,41,0,1
BRDA:590,42,0,1
BRDA:613,43,0,0
BRDA:613,43,1,1
BRDA:651,44,0,0
BRDA:653,45,0,0
BRDA:678,46,0,1
BRDA:678,47,0,3
BRDA:678,47,1,3
BRDA:685,48,0,1
BRDA:685,48,1,1
BRDA:729,49,0,1
BRDA:729,49,1,1
BRDA:741,50,0,0
BRDA:742,51,0,0
BRDA:751,52,0,0
BRDA:764,53,0,0
BRDA:764,53,1,0
BRDA:779,54,0,0
BRDA:779,54,1,0
BRDA:835,55,0,0
BRDA:835,55,1,0
BRDA:866,56,0,0
BRDA:890,57,0,0
BRDA:967,58,0,2
BRDA:967,58,1,1
BRDA:991,59,0,1
BRDA:991,59,1,0
BRDA:1005,60,0,1
BRDA:1005,60,1,0
BRDA:1014,61,0,1
BRDA:1014,61,1,0
BRDA:1025,62,0,0
BRDA:1025,62,1,2
BRDA:1025,63,0,2
BRDA:1025,63,1,1
BRDA:1027,64,0,1
BRDA:1027,65,0,2
BRDA:1027,65,1,2
BRDA:1032,66,0,1
BRDA:1057,67,0,0
BRDA:1057,67,1,0
BRDA:1135,68,0,0
BRDA:1153,69,0,0
BRDA:1153,70,0,0
BRDA:1153,70,1,0
BRDA:1158,71,0,0
BRDA:1192,72,0,0
BRDA:1192,73,0,0
BRDA:1200,74,0,0
BRDA:1202,75,0,0
BRDA:1203,76,0,0
BRDA:1207,77,0,0
BRDA:1208,78,0,0
BRDA:1215,79,0,0
BRDA:1215,79,1,0
BRDA:1223,80,0,0
BRDA:1267,81,0,0
BRDA:1267,81,1,0
BRDA:1267,81,2,0
BRDA:1277,82,0,0
BRDA:1277,82,1,0
BRDA:1278,83,0,0
BRDA:1278,83,1,0
BRDA:1281,84,0,0
BRDA:1281,84,1,0
BRDA:1281,84,2,0
BRDA:1286,85,0,0
BRDA:1286,85,1,0
BRDA:1301,86,0,0
BRDA:1302,87,0,0
BRDA:1303,88,0,0
BRDA:1310,89,0,0
BRDA:1310,89,1,0
BRDA:1317,90,0,0
BRDA:1357,91,0,0
BRDA:1357,91,1,0
BRDA:1364,92,0,0
BRDA:1369,93,0,0
BRDA:1369,94,0,0
BRDA:1369,94,1,0
BRDA:1384,95,0,0
BRDA:1384,95,1,0
BRDA:1448,96,0,0
BRDA:1448,96,1,0
BRDA:1465,97,0,0
BRDA:1465,97,1,0
BRDA:1468,98,0,0
BRDA:1468,98,1,0
BRDA:1471,99,0,0
BRDA:1471,99,1,0
BRDA:1472,100,0,0
BRDA:1472,100,1,0
BRDA:1473,101,0,0
BRDA:1473,101,1,0
BRDA:1474,102,0,0
BRDA:1474,102,1,0
BRDA:1475,103,0,0
BRDA:1475,103,1,0
BRDA:1501,104,0,0
BRDA:1513,105,0,0
BRDA:1513,106,0,0
BRDA:1513,106,1,0
BRDA:1517,107,0,0
BRDA:1517,107,1,0
BRDA:1529,108,0,0
BRDA:1529,108,1,0
BRDA:1531,109,0,0
BRDA:1531,109,1,0
BRDA:1560,110,0,0
BRDA:1560,110,1,0
BRDA:1561,111,0,0
BRDA:1561,111,1,0
BRDA:1576,112,0,0
BRDA:1576,112,1,0
BRDA:1577,113,0,0
BRDA:1577,113,1,0
BRDA:1598,114,0,0
BRDA:1598,114,1,0
BRDA:1604,115,0,0
BRDA:1604,115,1,0
BRDA:1616,116,0,0
BRDA:1618,117,0,0
BRDA:1620,118,0,0
BRDA:1620,118,1,0
BRDA:1620,119,0,0
BRDA:1620,119,1,0
BRDA:1622,120,0,0
BRDA:1636,121,0,0
BRDA:1636,121,1,0
BRDA:1637,122,0,0
BRDA:1637,122,1,0
BRDA:1638,123,0,0
BRDA:1638,123,1,0
BRDA:1645,124,0,0
BRDA:1679,125,0,0
BRDA:1679,125,1,0
BRDA:1681,126,0,0
BRDA:1681,126,1,0
BRDA:1682,127,0,0
BRDA:1682,127,1,0
BRDA:1690,128,0,0
BRDA:1690,128,1,0
BRDA:1694,129,0,0
BRDA:1703,130,0,0
BRDA:1703,130,1,0
BRDA:1703,130,2,0
BRDA:1718,131,0,0
BRDA:1718,131,1,0
BRDA:1762,132,0,0
BRDA:1762,132,1,0
BRDA:1817,133,0,0
BRDA:1817,134,0,0
BRDA:1843,135,0,0
BRDA:1843,135,1,0
BRDA:1870,136,0,0
BRDA:1870,136,1,0
BRDA:1870,136,2,0
BRDA:1872,137,0,0
BRDA:1872,137,1,0
BRF:226
BRH:30
end_of_record
TN:
SF:src\audit\audit.service.ts
FN:6,(anonymous_2)
FN:8,(anonymous_3)
FN:26,(anonymous_4)
FN:41,(anonymous_5)
FNF:4
FNH:0
FNDA:0,(anonymous_2)
FNDA:0,(anonymous_3)
FNDA:0,(anonymous_4)
FNDA:0,(anonymous_5)
DA:1,3
DA:2,3
DA:5,3
DA:6,0
DA:15,0
DA:27,0
DA:42,0
DA:43,0
DA:45,0
DA:65,0
LF:10
LH:3
BRDA:17,0,0,0
BRDA:17,0,1,0
BRDA:26,1,0,0
BRDA:41,2,0,0
BRDA:41,3,0,0
BRF:5
BRH:0
end_of_record
TN:
SF:src\auth\auth.service.ts
FN:13,(anonymous_2)
FN:18,(anonymous_3)
FN:44,(anonymous_4)
FN:48,(anonymous_5)
FN:52,(anonymous_6)
FN:56,(anonymous_7)
FN:60,(anonymous_8)
FN:64,(anonymous_9)
FN:68,(anonymous_10)
FN:72,(anonymous_11)
FN:105,(anonymous_12)
FN:131,(anonymous_13)
FN:166,(anonymous_14)
FN:193,(anonymous_15)
FN:198,(anonymous_16)
FN:207,(anonymous_17)
FN:253,(anonymous_18)
FN:278,(anonymous_19)
FNF:18
FNH:16
FNDA:9,(anonymous_2)
FNDA:3,(anonymous_3)
FNDA:3,(anonymous_4)
FNDA:2,(anonymous_5)
FNDA:1,(anonymous_6)
FNDA:1,(anonymous_7)
FNDA:2,(anonymous_8)
FNDA:6,(anonymous_9)
FNDA:2,(anonymous_10)
FNDA:1,(anonymous_11)
FNDA:2,(anonymous_12)
FNDA:2,(anonymous_13)
FNDA:2,(anonymous_14)
FNDA:1,(anonymous_15)
FNDA:0,(anonymous_16)
FNDA:3,(anonymous_17)
FNDA:0,(anonymous_18)
FNDA:1,(anonymous_19)
DA:1,1
DA:2,1
DA:3,1
DA:4,1
DA:8,1
DA:9,1
DA:12,1
DA:14,9
DA:15,9
DA:30,3
DA:45,3
DA:49,2
DA:53,1
DA:57,1
DA:61,2
DA:65,6
DA:69,2
DA:73,1
DA:74,1
DA:75,1
DA:81,1
DA:82,0
DA:94,1
DA:106,2
DA:107,2
DA:108,2
DA:110,2
DA:118,2
DA:128,2
DA:132,2
DA:133,2
DA:134,2
DA:136,2
DA:142,2
DA:143,1
DA:146,1
DA:157,1
DA:159,1
DA:167,2
DA:168,2
DA:169,2
DA:175,2
DA:176,1
DA:179,1
DA:184,1
DA:186,1
DA:194,1
DA:195,1
DA:199,0
DA:200,0
DA:201,0
DA:204,0
DA:208,3
DA:209,3
DA:210,0
DA:213,3
DA:214,3
DA:215,3
DA:217,3
DA:218,1
DA:221,2
DA:222,2
DA:233,2
DA:234,1
DA:238,1
DA:250,1
DA:254,0
DA:255,0
DA:256,0
DA:259,0
DA:261,0
DA:262,0
DA:265,0
DA:275,0
DA:279,1
DA:289,1
DA:290,1
DA:293,0
LF:78
LH:63
BRDA:40,0,0,0
BRDA:40,0,1,3
BRDA:45,1,0,3
BRDA:45,1,1,0
BRDA:49,2,0,2
BRDA:49,2,1,0
BRDA:53,3,0,1
BRDA:53,3,1,0
BRDA:57,4,0,1
BRDA:57,4,1,1
BRDA:61,5,0,2
BRDA:61,5,1,0
BRDA:81,6,0,0
BRDA:86,7,0,0
BRDA:86,7,1,0
BRDA:87,8,0,0
BRDA:87,8,1,0
BRDA:122,9,0,2
BRDA:122,9,1,0
BRDA:134,10,0,2
BRDA:134,10,1,0
BRDA:142,11,0,1
BRDA:169,12,0,1
BRDA:169,12,1,1
BRDA:175,13,0,1
BRDA:175,14,0,2
BRDA:175,14,1,2
BRDA:175,14,2,2
BRDA:200,15,0,0
BRDA:209,16,0,0
BRDA:213,17,0,2
BRDA:213,17,1,1
BRDA:214,18,0,0
BRDA:214,18,1,3
BRDA:217,19,0,1
BRDA:217,20,0,3
BRDA:217,20,1,2
BRDA:217,20,2,2
BRDA:217,20,3,2
BRDA:221,21,0,2
BRDA:221,22,0,2
BRDA:221,22,1,0
BRDA:221,22,2,0
BRDA:226,23,0,2
BRDA:226,23,1,0
BRDA:227,24,0,0
BRDA:227,24,1,2
BRDA:228,25,0,0
BRDA:228,25,1,2
BRDA:233,26,0,1
BRDA:241,27,0,1
BRDA:241,27,1,0
BRDA:242,28,0,0
BRDA:242,28,1,1
BRDA:243,29,0,0
BRDA:243,29,1,1
BRDA:244,30,0,0
BRDA:244,30,1,1
BRDA:245,31,0,0
BRDA:245,31,1,1
BRDA:246,32,0,1
BRDA:246,32,1,0
BRDA:255,33,0,0
BRDA:261,34,0,0
BRDA:289,35,0,1
BRDA:289,36,0,1
BRDA:289,36,1,1
BRF:67
BRH:39
end_of_record
TN:
SF:src\common\access.service.ts
FN:10,(anonymous_2)
FN:12,(anonymous_3)
FN:24,(anonymous_4)
FN:28,(anonymous_5)
FN:36,(anonymous_6)
FN:44,(anonymous_7)
FN:61,(anonymous_8)
FN:83,(anonymous_9)
FN:84,(anonymous_10)
FN:93,(anonymous_11)
FN:121,(anonymous_12)
FN:145,(anonymous_13)
FNF:12
FNH:0
FNDA:0,(anonymous_2)
FNDA:0,(anonymous_3)
FNDA:0,(anonymous_4)
FNDA:0,(anonymous_5)
FNDA:0,(anonymous_6)
FNDA:0,(anonymous_7)
FNDA:0,(anonymous_8)
FNDA:0,(anonymous_9)
FNDA:0,(anonymous_10)
FNDA:0,(anonymous_11)
FNDA:0,(anonymous_12)
FNDA:0,(anonymous_13)
DA:1,3
DA:2,3
DA:3,3
DA:5,3
DA:6,3
DA:9,3
DA:10,0
DA:13,0
DA:17,0
DA:18,0
DA:21,0
DA:25,0
DA:29,0
DA:30,0
DA:31,0
DA:33,0
DA:37,0
DA:38,0
DA:39,0
DA:41,0
DA:45,0
DA:54,0
DA:55,0
DA:58,0
DA:62,0
DA:63,0
DA:65,0
DA:66,0
DA:69,0
DA:70,0
DA:73,0
DA:83,0
DA:84,0
DA:86,0
DA:87,0
DA:90,0
DA:94,0
DA:106,0
DA:107,0
DA:110,0
DA:111,0
DA:112,0
DA:113,0
DA:115,0
DA:116,0
DA:118,0
DA:122,0
DA:133,0
DA:134,0
DA:137,0
DA:138,0
DA:141,0
DA:142,0
DA:146,0
DA:157,0
DA:158,0
DA:161,0
DA:162,0
DA:165,0
DA:166,0
LF:60
LH:6
BRDA:17,0,0,0
BRDA:30,1,0,0
BRDA:38,2,0,0
BRDA:54,3,0,0
BRDA:65,4,0,0
BRDA:69,5,0,0
BRDA:86,6,0,0
BRDA:106,7,0,0
BRDA:112,8,0,0
BRDA:112,9,0,0
BRDA:112,9,1,0
BRDA:115,10,0,0
BRDA:115,11,0,0
BRDA:115,11,1,0
BRDA:133,12,0,0
BRDA:137,13,0,0
BRDA:157,14,0,0
BRDA:161,15,0,0
BRF:18
BRH:0
end_of_record
TN:
SF:src\courses\courses.service.ts
FN:13,(anonymous_2)
FN:19,(anonymous_3)
FN:23,(anonymous_4)
FN:34,(anonymous_5)
FN:41,(anonymous_6)
FN:49,(anonymous_7)
FN:53,(anonymous_8)
FN:54,(anonymous_9)
FN:67,(anonymous_10)
FN:69,(anonymous_11)
FN:81,(anonymous_12)
FN:117,(anonymous_13)
FN:139,(anonymous_14)
FN:195,(anonymous_15)
FN:208,(anonymous_16)
FN:240,(anonymous_17)
FN:269,(anonymous_18)
FN:307,(anonymous_19)
FN:308,(anonymous_20)
FN:312,(anonymous_21)
FN:315,(anonymous_22)
FN:316,(anonymous_23)
FN:324,(anonymous_24)
FN:355,(anonymous_25)
FN:379,(anonymous_26)
FN:380,(anonymous_27)
FN:387,(anonymous_28)
FN:424,(anonymous_29)
FN:436,(anonymous_30)
FN:457,(anonymous_31)
FN:472,(anonymous_32)
FN:473,(anonymous_33)
FN:476,(anonymous_34)
FN:477,(anonymous_35)
FN:485,(anonymous_36)
FN:511,(anonymous_37)
FNF:36
FNH:18
FNDA:10,(anonymous_2)
FNDA:2,(anonymous_3)
FNDA:10,(anonymous_4)
FNDA:1,(anonymous_5)
FNDA:9,(anonymous_6)
FNDA:2,(anonymous_7)
FNDA:1,(anonymous_8)
FNDA:1,(anonymous_9)
FNDA:0,(anonymous_10)
FNDA:0,(anonymous_11)
FNDA:2,(anonymous_12)
FNDA:0,(anonymous_13)
FNDA:1,(anonymous_14)
FNDA:1,(anonymous_15)
FNDA:1,(anonymous_16)
FNDA:0,(anonymous_17)
FNDA:0,(anonymous_18)
FNDA:0,(anonymous_19)
FNDA:0,(anonymous_20)
FNDA:0,(anonymous_21)
FNDA:0,(anonymous_22)
FNDA:0,(anonymous_23)
FNDA:2,(anonymous_24)
FNDA:1,(anonymous_25)
FNDA:1,(anonymous_26)
FNDA:1,(anonymous_27)
FNDA:2,(anonymous_28)
FNDA:1,(anonymous_29)
FNDA:0,(anonymous_30)
FNDA:0,(anonymous_31)
FNDA:0,(anonymous_32)
FNDA:0,(anonymous_33)
FNDA:0,(anonymous_34)
FNDA:0,(anonymous_35)
FNDA:0,(anonymous_36)
FNDA:0,(anonymous_37)
DA:1,1
DA:2,1
DA:3,1
DA:4,1
DA:5,1
DA:6,1
DA:12,1
DA:14,10
DA:15,10
DA:16,10
DA:20,2
DA:24,10
DA:27,10
DA:35,1
DA:42,9
DA:46,9
DA:50,2
DA:54,1
DA:55,1
DA:56,1
DA:57,1
DA:59,1
DA:60,1
DA:63,0
DA:64,0
DA:66,0
DA:67,0
DA:69,0
DA:71,0
DA:74,0
DA:77,0
DA:82,2
DA:83,2
DA:85,2
DA:106,2
DA:114,2
DA:118,0
DA:120,0
DA:128,0
DA:136,0
DA:140,1
DA:195,1
DA:209,1
DA:210,1
DA:211,1
DA:214,0
DA:236,0
DA:237,0
DA:240,0
DA:241,0
DA:242,0
DA:243,0
DA:244,0
DA:245,0
DA:246,0
DA:247,0
DA:251,0
DA:252,0
DA:253,0
DA:254,0
DA:266,0
DA:270,0
DA:272,0
DA:297,0
DA:298,0
DA:301,0
DA:303,0
DA:307,0
DA:308,0
DA:312,0
DA:315,0
DA:316,0
DA:325,2
DA:326,2
DA:327,0
DA:330,2
DA:332,2
DA:333,2
DA:341,1
DA:344,1
DA:352,1
DA:356,1
DA:358,1
DA:380,1
DA:388,2
DA:389,2
DA:390,2
DA:392,2
DA:393,1
DA:396,1
DA:397,1
DA:400,0
DA:410,0
DA:418,0
DA:425,1
DA:426,1
DA:428,1
DA:437,0
DA:439,0
DA:446,0
DA:454,0
DA:458,0
DA:460,0
DA:473,0
DA:476,0
DA:477,0
DA:486,0
DA:487,0
DA:488,0
DA:491,0
DA:492,0
DA:494,0
DA:500,0
DA:508,0
DA:512,0
DA:513,0
DA:514,0
DA:517,0
DA:519,0
DA:523,0
DA:531,0
LF:121
LH:54
BRDA:24,0,0,10
BRDA:24,0,1,0
BRDA:37,1,0,1
BRDA:37,1,1,0
BRDA:55,2,0,1
BRDA:55,2,1,0
BRDA:56,3,0,1
BRDA:56,3,1,0
BRDA:59,4,0,1
BRDA:63,5,0,0
BRDA:63,5,1,0
BRDA:64,6,0,0
BRDA:64,6,1,0
BRDA:66,7,0,0
BRDA:66,7,1,0
BRDA:67,8,0,0
BRDA:67,8,1,0
BRDA:68,9,0,0
BRDA:68,9,1,0
BRDA:71,10,0,0
BRDA:71,10,1,0
BRDA:72,11,0,0
BRDA:72,11,1,0
BRDA:73,12,0,0
BRDA:73,12,1,0
BRDA:73,13,0,0
BRDA:73,13,1,0
BRDA:77,14,0,0
BRDA:77,14,1,0
BRDA:83,15,0,1
BRDA:83,15,1,1
BRDA:123,16,0,0
BRDA:123,16,1,0
BRDA:124,17,0,0
BRDA:124,17,1,0
BRDA:143,18,0,0
BRDA:143,18,1,1
BRDA:210,19,0,1
BRDA:236,20,0,0
BRDA:240,21,0,0
BRDA:240,21,1,0
BRDA:243,22,0,0
BRDA:243,22,1,0
BRDA:248,23,0,0
BRDA:248,23,1,0
BRDA:248,24,0,0
BRDA:248,24,1,0
BRDA:258,25,0,0
BRDA:258,25,1,0
BRDA:259,26,0,0
BRDA:259,26,1,0
BRDA:297,27,0,0
BRDA:326,28,0,0
BRDA:330,29,0,0
BRDA:330,29,1,2
BRDA:392,30,0,1
BRDA:392,31,0,2
BRDA:392,31,1,1
BRDA:396,32,0,1
BRDA:396,33,0,1
BRDA:396,33,1,1
BRDA:429,34,0,1
BRDA:429,34,1,0
BRDA:487,35,0,0
BRDA:513,36,0,0
BRF:65
BRH:17
end_of_record
TN:
SF:src\messages\messages.service.ts
FN:13,(anonymous_2)
FN:21,(anonymous_3)
FN:25,(anonymous_4)
FN:44,(anonymous_5)
FN:52,(anonymous_6)
FN:59,(anonymous_7)
FN:63,(anonymous_8)
FN:70,(anonymous_9)
FN:87,(anonymous_10)
FN:92,(anonymous_11)
FN:115,(anonymous_12)
FN:118,(anonymous_13)
FN:137,(anonymous_14)
FN:147,(anonymous_15)
FN:157,(anonymous_16)
FN:187,(anonymous_17)
FN:229,(anonymous_18)
FN:273,(anonymous_19)
FN:293,(anonymous_20)
FN:340,(anonymous_21)
FN:390,(anonymous_22)
FN:392,(anonymous_23)
FN:395,(anonymous_24)
FN:445,(anonymous_25)
FN:452,(anonymous_26)
FN:457,(anonymous_27)
FN:458,(anonymous_28)
FN:459,(anonymous_29)
FN:463,(anonymous_30)
FNF:29
FNH:15
FNDA:11,(anonymous_2)
FNDA:0,(anonymous_3)
FNDA:3,(anonymous_4)
FNDA:0,(anonymous_5)
FNDA:4,(anonymous_6)
FNDA:4,(anonymous_7)
FNDA:0,(anonymous_8)
FNDA:1,(anonymous_9)
FNDA:2,(anonymous_10)
FNDA:1,(anonymous_11)
FNDA:0,(anonymous_12)
FNDA:1,(anonymous_13)
FNDA:2,(anonymous_14)
FNDA:1,(anonymous_15)
FNDA:1,(anonymous_16)
FNDA:2,(anonymous_17)
FNDA:2,(anonymous_18)
FNDA:0,(anonymous_19)
FNDA:1,(anonymous_20)
FNDA:1,(anonymous_21)
FNDA:0,(anonymous_22)
FNDA:0,(anonymous_23)
FNDA:0,(anonymous_24)
FNDA:0,(anonymous_25)
FNDA:0,(anonymous_26)
FNDA:0,(anonymous_27)
FNDA:0,(anonymous_28)
FNDA:0,(anonymous_29)
FNDA:0,(anonymous_30)
DA:1,1
DA:2,1
DA:3,1
DA:4,1
DA:5,1
DA:6,1
DA:7,1
DA:9,1
DA:12,1
DA:14,11
DA:15,11
DA:16,11
DA:17,11
DA:18,11
DA:22,0
DA:26,3
DA:45,0
DA:49,0
DA:53,4
DA:60,4
DA:63,0
DA:71,1
DA:73,1
DA:75,1
DA:86,1
DA:87,2
DA:93,1
DA:95,1
DA:96,1
DA:97,1
DA:100,0
DA:101,0
DA:115,0
DA:119,1
DA:120,1
DA:138,2
DA:139,2
DA:140,2
DA:142,2
DA:143,1
DA:146,1
DA:147,1
DA:150,1
DA:157,1
DA:170,1
DA:182,1
DA:184,1
DA:188,2
DA:194,2
DA:195,0
DA:198,2
DA:199,2
DA:200,1
DA:203,1
DA:210,1
DA:223,1
DA:230,2
DA:231,2
DA:232,0
DA:235,2
DA:241,2
DA:242,0
DA:245,2
DA:246,2
DA:247,1
DA:250,1
DA:259,1
DA:270,1
DA:274,0
DA:285,0
DA:286,0
DA:289,0
DA:290,0
DA:294,1
DA:295,1
DA:296,0
DA:299,1
DA:305,1
DA:306,0
DA:309,1
DA:310,1
DA:326,1
DA:337,1
DA:341,1
DA:342,1
DA:343,0
DA:346,1
DA:352,1
DA:353,0
DA:356,1
DA:357,1
DA:359,1
DA:373,1
DA:374,1
DA:387,1
DA:391,0
DA:392,0
DA:396,0
DA:397,0
DA:415,0
DA:446,0
DA:447,0
DA:448,0
DA:449,0
DA:452,0
DA:453,0
DA:454,0
DA:455,0
DA:457,0
DA:458,0
DA:459,0
DA:462,0
DA:464,0
LF:113
LH:76
BRDA:22,0,0,0
BRDA:22,0,1,0
BRDA:49,1,0,0
BRDA:49,1,1,0
BRDA:55,2,0,0
BRDA:55,2,1,4
BRDA:62,3,0,4
BRDA:62,3,1,0
BRDA:63,4,0,4
BRDA:63,4,1,0
BRDA:65,5,0,0
BRDA:65,5,1,0
BRDA:70,6,0,0
BRDA:79,7,0,0
BRDA:79,7,1,1
BRDA:88,8,0,1
BRDA:88,8,1,0
BRDA:92,9,0,1
BRDA:96,10,0,1
BRDA:137,11,0,0
BRDA:139,12,0,2
BRDA:139,12,1,0
BRDA:142,13,0,1
BRDA:142,14,0,2
BRDA:142,14,1,1
BRDA:155,15,0,1
BRDA:155,15,1,0
BRDA:194,16,0,0
BRDA:199,17,0,1
BRDA:199,18,0,2
BRDA:199,18,1,2
BRDA:231,19,0,0
BRDA:241,20,0,0
BRDA:241,21,0,2
BRDA:241,21,1,2
BRDA:246,22,0,1
BRDA:285,23,0,0
BRDA:295,24,0,0
BRDA:305,25,0,0
BRDA:342,26,0,0
BRDA:352,27,0,0
BRDA:361,28,0,1
BRDA:361,28,1,0
BRDA:373,29,0,1
BRDA:396,30,0,0
BRDA:447,31,0,0
BRDA:447,31,1,0
BRDA:448,32,0,0
BRDA:448,33,0,0
BRDA:448,33,1,0
BRDA:466,34,0,0
BRDA:466,34,1,0
BRDA:469,35,0,0
BRDA:469,35,1,0
BRF:54
BRH:20
end_of_record
TN:
SF:src\notifications\notification-hub.service.ts
FN:5,(anonymous_1)
FN:8,(anonymous_2)
FN:12,(anonymous_3)
FNF:3
FNH:0
FNDA:0,(anonymous_1)
FNDA:0,(anonymous_2)
FNDA:0,(anonymous_3)
DA:1,2
DA:5,2
DA:6,0
DA:9,0
DA:13,0
LF:5
LH:2
BRF:0
BRH:0
end_of_record
TN:
SF:src\notifications\notifications.service.ts
FN:8,(anonymous_2)
FN:13,(anonymous_3)
FN:34,(anonymous_4)
FN:45,(anonymous_5)
FN:54,(anonymous_6)
FNF:5
FNH:0
FNDA:0,(anonymous_2)
FNDA:0,(anonymous_3)
FNDA:0,(anonymous_4)
FNDA:0,(anonymous_5)
FNDA:0,(anonymous_6)
DA:1,2
DA:3,2
DA:4,2
DA:7,2
DA:9,0
DA:10,0
DA:20,0
DA:30,0
DA:31,0
DA:35,0
DA:46,0
DA:50,0
DA:51,0
DA:55,0
DA:59,0
DA:60,0
LF:16
LH:4
BRDA:34,0,0,0
BRDA:38,1,0,0
BRDA:38,1,1,0
BRF:3
BRH:0
end_of_record
TN:
SF:src\prisma\prisma.service.ts
FN:6,(anonymous_1)
FN:10,(anonymous_2)
FN:11,(anonymous_3)
FNF:3
FNH:0
FNDA:0,(anonymous_1)
FNDA:0,(anonymous_2)
FNDA:0,(anonymous_3)
DA:1,4
DA:2,4
DA:5,4
DA:7,0
DA:11,0
DA:12,0
LF:6
LH:3
BRF:0
BRH:0
end_of_record
TN:
SF:src\storage\storage.service.ts
FN:55,(anonymous_2)
FN:61,(anonymous_3)
FN:74,(anonymous_4)
FN:89,(anonymous_5)
FN:114,(anonymous_6)
FN:118,(anonymous_7)
FNF:6
FNH:0
FNDA:0,(anonymous_2)
FNDA:0,(anonymous_3)
FNDA:0,(anonymous_4)
FNDA:0,(anonymous_5)
FNDA:0,(anonymous_6)
FNDA:0,(anonymous_7)
DA:1,3
DA:2,3
DA:3,3
DA:4,3
DA:7,3
DA:8,0
DA:9,0
DA:10,0
DA:41,0
DA:56,0
DA:57,0
DA:62,0
DA:63,0
DA:66,0
DA:67,0
DA:68,0
DA:70,0
DA:78,0
DA:79,0
DA:81,0
DA:82,0
DA:85,0
DA:86,0
DA:87,0
DA:88,0
DA:89,0
DA:90,0
DA:91,0
DA:94,0
DA:95,0
DA:96,0
DA:99,0
DA:100,0
DA:101,0
DA:103,0
DA:105,0
DA:115,0
DA:119,0
DA:120,0
LF:39
LH:5
BRDA:56,0,0,0
BRDA:62,1,0,0
BRDA:68,2,0,0
BRDA:68,2,1,0
BRDA:78,3,0,0
BRDA:81,4,0,0
BRDA:85,5,0,0
BRDA:85,5,1,0
BRDA:87,6,0,0
BRDA:87,6,1,0
BRDA:90,7,0,0
BRDA:90,8,0,0
BRDA:90,8,1,0
BRDA:95,9,0,0
BRF:14
BRH:0
end_of_record
